<?xml version="1.0" encoding="UTF-8"?>
<!-- Generated by org.testng.reporters.JUnitXMLReporter -->
<testsuite ignored="0" hostname="Navyas-MacBook-Air.local" failures="1" tests="83" name="Test" time="265.089" errors="0" timestamp="2024-11-21T18:54:14 CST">
  <testcase classname="Tests.LoginTestNav" name="@BeforeMethod loginIntoApp" time="3.814">
    <failure type="org.openqa.selenium.StaleElementReferenceException" message="stale element reference: stale element not found
  (Session info: chrome=131.0.6778.86)
For documentation on this error, please visit: https://www.selenium.dev/documentation/webdriver/troubleshooting/errors#stale-element-reference-exception
Build info: version: &amp;apos;4.26.0&amp;apos;, revision: &amp;apos;8ccf0219d7&amp;apos;
System info: os.name: &amp;apos;Mac OS X&amp;apos;, os.arch: &amp;apos;x86_64&amp;apos;, os.version: &amp;apos;14.7&amp;apos;, java.version: &amp;apos;22.0.2&amp;apos;
Driver info: org.openqa.selenium.chrome.ChromeDriver
Command: [f2efe4612b1eef005d878833147abc1c, clickElement {id=f.067D21FAE122E25258513C77188B744E.d.E28FCC852FF67518B22A470810B29B1F.e.7}]
Capabilities {acceptInsecureCerts: false, browserName: chrome, browserVersion: 131.0.6778.86, chrome: {chromedriverVersion: 131.0.6778.85 (3d81e41b6f3a..., userDataDir: /var/folders/bh/dj44sdwj5rd...}, fedcm:accounts: true, goog:chromeOptions: {debuggerAddress: localhost:60684}, networkConnectionEnabled: false, pageLoadStrategy: normal, platformName: mac, proxy: Proxy(), se:cdp: ws://localhost:60684/devtoo..., se:cdpVersion: 131.0.6778.86, setWindowRect: true, strictFileInteractability: false, timeouts: {implicit: 0, pageLoad: 300000, script: 30000}, unhandledPromptBehavior: dismiss and notify, webauthn:extension:credBlob: true, webauthn:extension:largeBlob: true, webauthn:extension:minPinLength: true, webauthn:extension:prf: true, webauthn:virtualAuthenticators: true}
Element: [[ChromeDriver: chrome on mac (f2efe4612b1eef005d878833147abc1c)] -&amp;gt; css selector: button.btn]
Session ID: f2efe4612b1eef005d878833147abc1c">
      <![CDATA[org.openqa.selenium.StaleElementReferenceException: stale element reference: stale element not found
  (Session info: chrome=131.0.6778.86)
For documentation on this error, please visit: https://www.selenium.dev/documentation/webdriver/troubleshooting/errors#stale-element-reference-exception
Build info: version: '4.26.0', revision: '8ccf0219d7'
System info: os.name: 'Mac OS X', os.arch: 'x86_64', os.version: '14.7', java.version: '22.0.2'
Driver info: org.openqa.selenium.chrome.ChromeDriver
Command: [f2efe4612b1eef005d878833147abc1c, clickElement {id=f.067D21FAE122E25258513C77188B744E.d.E28FCC852FF67518B22A470810B29B1F.e.7}]
Capabilities {acceptInsecureCerts: false, browserName: chrome, browserVersion: 131.0.6778.86, chrome: {chromedriverVersion: 131.0.6778.85 (3d81e41b6f3a..., userDataDir: /var/folders/bh/dj44sdwj5rd...}, fedcm:accounts: true, goog:chromeOptions: {debuggerAddress: localhost:60684}, networkConnectionEnabled: false, pageLoadStrategy: normal, platformName: mac, proxy: Proxy(), se:cdp: ws://localhost:60684/devtoo..., se:cdpVersion: 131.0.6778.86, setWindowRect: true, strictFileInteractability: false, timeouts: {implicit: 0, pageLoad: 300000, script: 30000}, unhandledPromptBehavior: dismiss and notify, webauthn:extension:credBlob: true, webauthn:extension:largeBlob: true, webauthn:extension:minPinLength: true, webauthn:extension:prf: true, webauthn:virtualAuthenticators: true}
Element: [[ChromeDriver: chrome on mac (f2efe4612b1eef005d878833147abc1c)] -> css selector: button.btn]
Session ID: f2efe4612b1eef005d878833147abc1c
at org.openqa.selenium.remote.ErrorCodec.decode(ErrorCodec.java:167)
at org.openqa.selenium.remote.codec.w3c.W3CHttpResponseCodec.decode(W3CHttpResponseCodec.java:138)
at org.openqa.selenium.remote.codec.w3c.W3CHttpResponseCodec.decode(W3CHttpResponseCodec.java:50)
at org.openqa.selenium.remote.HttpCommandExecutor.execute(HttpCommandExecutor.java:190)
at org.openqa.selenium.remote.service.DriverCommandExecutor.invokeExecute(DriverCommandExecutor.java:216)
at org.openqa.selenium.remote.service.DriverCommandExecutor.execute(DriverCommandExecutor.java:174)
at org.openqa.selenium.remote.RemoteWebDriver.execute(RemoteWebDriver.java:545)
at org.openqa.selenium.remote.RemoteWebElement.execute(RemoteWebElement.java:223)
at org.openqa.selenium.remote.RemoteWebElement.click(RemoteWebElement.java:76)
at PageObjects.HomePage.clickOnHomePageGetStartedButton(HomePage.java:28)
at Tests.LoginTestNav.loginIntoApp(LoginTestNav.java:22)
at java.base/java.util.concurrent.ThreadPoolExecutor.runWorker(ThreadPoolExecutor.java:1144)
at java.base/java.util.concurrent.ThreadPoolExecutor$Worker.run(ThreadPoolExecutor.java:642)
at java.base/java.lang.Thread.run(Thread.java:1570)
... Removed 17 stack frames]]>
    </failure>
  </testcase> <!-- @BeforeMethod loginIntoApp -->
  <testcase classname="Tests.LoginTestNav" name="@BeforeMethod loginIntoApp" time="3.772">
    <failure type="org.openqa.selenium.StaleElementReferenceException" message="stale element reference: stale element not found
  (Session info: chrome=131.0.6778.86)
For documentation on this error, please visit: https://www.selenium.dev/documentation/webdriver/troubleshooting/errors#stale-element-reference-exception
Build info: version: &amp;apos;4.26.0&amp;apos;, revision: &amp;apos;8ccf0219d7&amp;apos;
System info: os.name: &amp;apos;Mac OS X&amp;apos;, os.arch: &amp;apos;x86_64&amp;apos;, os.version: &amp;apos;14.7&amp;apos;, java.version: &amp;apos;22.0.2&amp;apos;
Driver info: org.openqa.selenium.chrome.ChromeDriver
Command: [f2efe4612b1eef005d878833147abc1c, clickElement {id=f.067D21FAE122E25258513C77188B744E.d.E28FCC852FF67518B22A470810B29B1F.e.7}]
Capabilities {acceptInsecureCerts: false, browserName: chrome, browserVersion: 131.0.6778.86, chrome: {chromedriverVersion: 131.0.6778.85 (3d81e41b6f3a..., userDataDir: /var/folders/bh/dj44sdwj5rd...}, fedcm:accounts: true, goog:chromeOptions: {debuggerAddress: localhost:60684}, networkConnectionEnabled: false, pageLoadStrategy: normal, platformName: mac, proxy: Proxy(), se:cdp: ws://localhost:60684/devtoo..., se:cdpVersion: 131.0.6778.86, setWindowRect: true, strictFileInteractability: false, timeouts: {implicit: 0, pageLoad: 300000, script: 30000}, unhandledPromptBehavior: dismiss and notify, webauthn:extension:credBlob: true, webauthn:extension:largeBlob: true, webauthn:extension:minPinLength: true, webauthn:extension:prf: true, webauthn:virtualAuthenticators: true}
Element: [[ChromeDriver: chrome on mac (f2efe4612b1eef005d878833147abc1c)] -&amp;gt; css selector: button.btn]
Session ID: f2efe4612b1eef005d878833147abc1c">
      <![CDATA[org.openqa.selenium.StaleElementReferenceException: stale element reference: stale element not found
  (Session info: chrome=131.0.6778.86)
For documentation on this error, please visit: https://www.selenium.dev/documentation/webdriver/troubleshooting/errors#stale-element-reference-exception
Build info: version: '4.26.0', revision: '8ccf0219d7'
System info: os.name: 'Mac OS X', os.arch: 'x86_64', os.version: '14.7', java.version: '22.0.2'
Driver info: org.openqa.selenium.chrome.ChromeDriver
Command: [f2efe4612b1eef005d878833147abc1c, clickElement {id=f.067D21FAE122E25258513C77188B744E.d.E28FCC852FF67518B22A470810B29B1F.e.7}]
Capabilities {acceptInsecureCerts: false, browserName: chrome, browserVersion: 131.0.6778.86, chrome: {chromedriverVersion: 131.0.6778.85 (3d81e41b6f3a..., userDataDir: /var/folders/bh/dj44sdwj5rd...}, fedcm:accounts: true, goog:chromeOptions: {debuggerAddress: localhost:60684}, networkConnectionEnabled: false, pageLoadStrategy: normal, platformName: mac, proxy: Proxy(), se:cdp: ws://localhost:60684/devtoo..., se:cdpVersion: 131.0.6778.86, setWindowRect: true, strictFileInteractability: false, timeouts: {implicit: 0, pageLoad: 300000, script: 30000}, unhandledPromptBehavior: dismiss and notify, webauthn:extension:credBlob: true, webauthn:extension:largeBlob: true, webauthn:extension:minPinLength: true, webauthn:extension:prf: true, webauthn:virtualAuthenticators: true}
Element: [[ChromeDriver: chrome on mac (f2efe4612b1eef005d878833147abc1c)] -> css selector: button.btn]
Session ID: f2efe4612b1eef005d878833147abc1c
at org.openqa.selenium.remote.ErrorCodec.decode(ErrorCodec.java:167)
at org.openqa.selenium.remote.codec.w3c.W3CHttpResponseCodec.decode(W3CHttpResponseCodec.java:138)
at org.openqa.selenium.remote.codec.w3c.W3CHttpResponseCodec.decode(W3CHttpResponseCodec.java:50)
at org.openqa.selenium.remote.HttpCommandExecutor.execute(HttpCommandExecutor.java:190)
at org.openqa.selenium.remote.service.DriverCommandExecutor.invokeExecute(DriverCommandExecutor.java:216)
at org.openqa.selenium.remote.service.DriverCommandExecutor.execute(DriverCommandExecutor.java:174)
at org.openqa.selenium.remote.RemoteWebDriver.execute(RemoteWebDriver.java:545)
at org.openqa.selenium.remote.RemoteWebElement.execute(RemoteWebElement.java:223)
at org.openqa.selenium.remote.RemoteWebElement.click(RemoteWebElement.java:76)
at PageObjects.HomePage.clickOnHomePageGetStartedButton(HomePage.java:28)
at Tests.LoginTestNav.loginIntoApp(LoginTestNav.java:22)
at java.base/java.util.concurrent.ThreadPoolExecutor.runWorker(ThreadPoolExecutor.java:1144)
at java.base/java.util.concurrent.ThreadPoolExecutor$Worker.run(ThreadPoolExecutor.java:642)
at java.base/java.lang.Thread.run(Thread.java:1570)
... Removed 17 stack frames]]>
    </failure>
  </testcase> <!-- @BeforeMethod loginIntoApp -->
  <testcase classname="Tests.LoginTestNav" name="@BeforeMethod loginIntoApp" time="3.797">
    <failure type="org.openqa.selenium.StaleElementReferenceException" message="stale element reference: stale element not found
  (Session info: chrome=131.0.6778.86)
For documentation on this error, please visit: https://www.selenium.dev/documentation/webdriver/troubleshooting/errors#stale-element-reference-exception
Build info: version: &amp;apos;4.26.0&amp;apos;, revision: &amp;apos;8ccf0219d7&amp;apos;
System info: os.name: &amp;apos;Mac OS X&amp;apos;, os.arch: &amp;apos;x86_64&amp;apos;, os.version: &amp;apos;14.7&amp;apos;, java.version: &amp;apos;22.0.2&amp;apos;
Driver info: org.openqa.selenium.chrome.ChromeDriver
Command: [f2efe4612b1eef005d878833147abc1c, clickElement {id=f.067D21FAE122E25258513C77188B744E.d.E28FCC852FF67518B22A470810B29B1F.e.7}]
Capabilities {acceptInsecureCerts: false, browserName: chrome, browserVersion: 131.0.6778.86, chrome: {chromedriverVersion: 131.0.6778.85 (3d81e41b6f3a..., userDataDir: /var/folders/bh/dj44sdwj5rd...}, fedcm:accounts: true, goog:chromeOptions: {debuggerAddress: localhost:60684}, networkConnectionEnabled: false, pageLoadStrategy: normal, platformName: mac, proxy: Proxy(), se:cdp: ws://localhost:60684/devtoo..., se:cdpVersion: 131.0.6778.86, setWindowRect: true, strictFileInteractability: false, timeouts: {implicit: 0, pageLoad: 300000, script: 30000}, unhandledPromptBehavior: dismiss and notify, webauthn:extension:credBlob: true, webauthn:extension:largeBlob: true, webauthn:extension:minPinLength: true, webauthn:extension:prf: true, webauthn:virtualAuthenticators: true}
Element: [[ChromeDriver: chrome on mac (f2efe4612b1eef005d878833147abc1c)] -&amp;gt; css selector: button.btn]
Session ID: f2efe4612b1eef005d878833147abc1c">
      <![CDATA[org.openqa.selenium.StaleElementReferenceException: stale element reference: stale element not found
  (Session info: chrome=131.0.6778.86)
For documentation on this error, please visit: https://www.selenium.dev/documentation/webdriver/troubleshooting/errors#stale-element-reference-exception
Build info: version: '4.26.0', revision: '8ccf0219d7'
System info: os.name: 'Mac OS X', os.arch: 'x86_64', os.version: '14.7', java.version: '22.0.2'
Driver info: org.openqa.selenium.chrome.ChromeDriver
Command: [f2efe4612b1eef005d878833147abc1c, clickElement {id=f.067D21FAE122E25258513C77188B744E.d.E28FCC852FF67518B22A470810B29B1F.e.7}]
Capabilities {acceptInsecureCerts: false, browserName: chrome, browserVersion: 131.0.6778.86, chrome: {chromedriverVersion: 131.0.6778.85 (3d81e41b6f3a..., userDataDir: /var/folders/bh/dj44sdwj5rd...}, fedcm:accounts: true, goog:chromeOptions: {debuggerAddress: localhost:60684}, networkConnectionEnabled: false, pageLoadStrategy: normal, platformName: mac, proxy: Proxy(), se:cdp: ws://localhost:60684/devtoo..., se:cdpVersion: 131.0.6778.86, setWindowRect: true, strictFileInteractability: false, timeouts: {implicit: 0, pageLoad: 300000, script: 30000}, unhandledPromptBehavior: dismiss and notify, webauthn:extension:credBlob: true, webauthn:extension:largeBlob: true, webauthn:extension:minPinLength: true, webauthn:extension:prf: true, webauthn:virtualAuthenticators: true}
Element: [[ChromeDriver: chrome on mac (f2efe4612b1eef005d878833147abc1c)] -> css selector: button.btn]
Session ID: f2efe4612b1eef005d878833147abc1c
at org.openqa.selenium.remote.ErrorCodec.decode(ErrorCodec.java:167)
at org.openqa.selenium.remote.codec.w3c.W3CHttpResponseCodec.decode(W3CHttpResponseCodec.java:138)
at org.openqa.selenium.remote.codec.w3c.W3CHttpResponseCodec.decode(W3CHttpResponseCodec.java:50)
at org.openqa.selenium.remote.HttpCommandExecutor.execute(HttpCommandExecutor.java:190)
at org.openqa.selenium.remote.service.DriverCommandExecutor.invokeExecute(DriverCommandExecutor.java:216)
at org.openqa.selenium.remote.service.DriverCommandExecutor.execute(DriverCommandExecutor.java:174)
at org.openqa.selenium.remote.RemoteWebDriver.execute(RemoteWebDriver.java:545)
at org.openqa.selenium.remote.RemoteWebElement.execute(RemoteWebElement.java:223)
at org.openqa.selenium.remote.RemoteWebElement.click(RemoteWebElement.java:76)
at PageObjects.HomePage.clickOnHomePageGetStartedButton(HomePage.java:28)
at Tests.LoginTestNav.loginIntoApp(LoginTestNav.java:22)
at java.base/java.util.concurrent.ThreadPoolExecutor.runWorker(ThreadPoolExecutor.java:1144)
at java.base/java.util.concurrent.ThreadPoolExecutor$Worker.run(ThreadPoolExecutor.java:642)
at java.base/java.lang.Thread.run(Thread.java:1570)
... Removed 17 stack frames]]>
    </failure>
  </testcase> <!-- @BeforeMethod loginIntoApp -->
  <testcase classname="Tests.LoginTestNav" name="@BeforeMethod loginIntoApp" time="3.775">
    <failure type="org.openqa.selenium.StaleElementReferenceException" message="stale element reference: stale element not found
  (Session info: chrome=131.0.6778.86)
For documentation on this error, please visit: https://www.selenium.dev/documentation/webdriver/troubleshooting/errors#stale-element-reference-exception
Build info: version: &amp;apos;4.26.0&amp;apos;, revision: &amp;apos;8ccf0219d7&amp;apos;
System info: os.name: &amp;apos;Mac OS X&amp;apos;, os.arch: &amp;apos;x86_64&amp;apos;, os.version: &amp;apos;14.7&amp;apos;, java.version: &amp;apos;22.0.2&amp;apos;
Driver info: org.openqa.selenium.chrome.ChromeDriver
Command: [f2efe4612b1eef005d878833147abc1c, clickElement {id=f.067D21FAE122E25258513C77188B744E.d.E28FCC852FF67518B22A470810B29B1F.e.7}]
Capabilities {acceptInsecureCerts: false, browserName: chrome, browserVersion: 131.0.6778.86, chrome: {chromedriverVersion: 131.0.6778.85 (3d81e41b6f3a..., userDataDir: /var/folders/bh/dj44sdwj5rd...}, fedcm:accounts: true, goog:chromeOptions: {debuggerAddress: localhost:60684}, networkConnectionEnabled: false, pageLoadStrategy: normal, platformName: mac, proxy: Proxy(), se:cdp: ws://localhost:60684/devtoo..., se:cdpVersion: 131.0.6778.86, setWindowRect: true, strictFileInteractability: false, timeouts: {implicit: 0, pageLoad: 300000, script: 30000}, unhandledPromptBehavior: dismiss and notify, webauthn:extension:credBlob: true, webauthn:extension:largeBlob: true, webauthn:extension:minPinLength: true, webauthn:extension:prf: true, webauthn:virtualAuthenticators: true}
Element: [[ChromeDriver: chrome on mac (f2efe4612b1eef005d878833147abc1c)] -&amp;gt; css selector: button.btn]
Session ID: f2efe4612b1eef005d878833147abc1c">
      <![CDATA[org.openqa.selenium.StaleElementReferenceException: stale element reference: stale element not found
  (Session info: chrome=131.0.6778.86)
For documentation on this error, please visit: https://www.selenium.dev/documentation/webdriver/troubleshooting/errors#stale-element-reference-exception
Build info: version: '4.26.0', revision: '8ccf0219d7'
System info: os.name: 'Mac OS X', os.arch: 'x86_64', os.version: '14.7', java.version: '22.0.2'
Driver info: org.openqa.selenium.chrome.ChromeDriver
Command: [f2efe4612b1eef005d878833147abc1c, clickElement {id=f.067D21FAE122E25258513C77188B744E.d.E28FCC852FF67518B22A470810B29B1F.e.7}]
Capabilities {acceptInsecureCerts: false, browserName: chrome, browserVersion: 131.0.6778.86, chrome: {chromedriverVersion: 131.0.6778.85 (3d81e41b6f3a..., userDataDir: /var/folders/bh/dj44sdwj5rd...}, fedcm:accounts: true, goog:chromeOptions: {debuggerAddress: localhost:60684}, networkConnectionEnabled: false, pageLoadStrategy: normal, platformName: mac, proxy: Proxy(), se:cdp: ws://localhost:60684/devtoo..., se:cdpVersion: 131.0.6778.86, setWindowRect: true, strictFileInteractability: false, timeouts: {implicit: 0, pageLoad: 300000, script: 30000}, unhandledPromptBehavior: dismiss and notify, webauthn:extension:credBlob: true, webauthn:extension:largeBlob: true, webauthn:extension:minPinLength: true, webauthn:extension:prf: true, webauthn:virtualAuthenticators: true}
Element: [[ChromeDriver: chrome on mac (f2efe4612b1eef005d878833147abc1c)] -> css selector: button.btn]
Session ID: f2efe4612b1eef005d878833147abc1c
at org.openqa.selenium.remote.ErrorCodec.decode(ErrorCodec.java:167)
at org.openqa.selenium.remote.codec.w3c.W3CHttpResponseCodec.decode(W3CHttpResponseCodec.java:138)
at org.openqa.selenium.remote.codec.w3c.W3CHttpResponseCodec.decode(W3CHttpResponseCodec.java:50)
at org.openqa.selenium.remote.HttpCommandExecutor.execute(HttpCommandExecutor.java:190)
at org.openqa.selenium.remote.service.DriverCommandExecutor.invokeExecute(DriverCommandExecutor.java:216)
at org.openqa.selenium.remote.service.DriverCommandExecutor.execute(DriverCommandExecutor.java:174)
at org.openqa.selenium.remote.RemoteWebDriver.execute(RemoteWebDriver.java:545)
at org.openqa.selenium.remote.RemoteWebElement.execute(RemoteWebElement.java:223)
at org.openqa.selenium.remote.RemoteWebElement.click(RemoteWebElement.java:76)
at PageObjects.HomePage.clickOnHomePageGetStartedButton(HomePage.java:28)
at Tests.LoginTestNav.loginIntoApp(LoginTestNav.java:22)
at java.base/java.util.concurrent.ThreadPoolExecutor.runWorker(ThreadPoolExecutor.java:1144)
at java.base/java.util.concurrent.ThreadPoolExecutor$Worker.run(ThreadPoolExecutor.java:642)
at java.base/java.lang.Thread.run(Thread.java:1570)
... Removed 17 stack frames]]>
    </failure>
  </testcase> <!-- @BeforeMethod loginIntoApp -->
  <testcase classname="Tests.DSIntorductionPage" name="@BeforeMethod loginIntoApp" time="3.257">
    <failure type="org.openqa.selenium.StaleElementReferenceException" message="stale element reference: stale element not found
  (Session info: chrome=131.0.6778.86)
For documentation on this error, please visit: https://www.selenium.dev/documentation/webdriver/troubleshooting/errors#stale-element-reference-exception
Build info: version: &amp;apos;4.26.0&amp;apos;, revision: &amp;apos;8ccf0219d7&amp;apos;
System info: os.name: &amp;apos;Mac OS X&amp;apos;, os.arch: &amp;apos;x86_64&amp;apos;, os.version: &amp;apos;14.7&amp;apos;, java.version: &amp;apos;22.0.2&amp;apos;
Driver info: org.openqa.selenium.chrome.ChromeDriver
Command: [72889a6d21a0c473e832d856fa0b5055, clickElement {id=f.91766D8E4EE7847A5FBE657C4FCD856B.d.1B86756DB1F3183DB063620A0005128E.e.15}]
Capabilities {acceptInsecureCerts: false, browserName: chrome, browserVersion: 131.0.6778.86, chrome: {chromedriverVersion: 131.0.6778.85 (3d81e41b6f3a..., userDataDir: /var/folders/bh/dj44sdwj5rd...}, fedcm:accounts: true, goog:chromeOptions: {debuggerAddress: localhost:60712}, networkConnectionEnabled: false, pageLoadStrategy: normal, platformName: mac, proxy: Proxy(), se:cdp: ws://localhost:60712/devtoo..., se:cdpVersion: 131.0.6778.86, setWindowRect: true, strictFileInteractability: false, timeouts: {implicit: 0, pageLoad: 300000, script: 30000}, unhandledPromptBehavior: dismiss and notify, webauthn:extension:credBlob: true, webauthn:extension:largeBlob: true, webauthn:extension:minPinLength: true, webauthn:extension:prf: true, webauthn:virtualAuthenticators: true}
Element: [[ChromeDriver: chrome on mac (72889a6d21a0c473e832d856fa0b5055)] -&amp;gt; css selector: button.btn]
Session ID: 72889a6d21a0c473e832d856fa0b5055">
      <![CDATA[org.openqa.selenium.StaleElementReferenceException: stale element reference: stale element not found
  (Session info: chrome=131.0.6778.86)
For documentation on this error, please visit: https://www.selenium.dev/documentation/webdriver/troubleshooting/errors#stale-element-reference-exception
Build info: version: '4.26.0', revision: '8ccf0219d7'
System info: os.name: 'Mac OS X', os.arch: 'x86_64', os.version: '14.7', java.version: '22.0.2'
Driver info: org.openqa.selenium.chrome.ChromeDriver
Command: [72889a6d21a0c473e832d856fa0b5055, clickElement {id=f.91766D8E4EE7847A5FBE657C4FCD856B.d.1B86756DB1F3183DB063620A0005128E.e.15}]
Capabilities {acceptInsecureCerts: false, browserName: chrome, browserVersion: 131.0.6778.86, chrome: {chromedriverVersion: 131.0.6778.85 (3d81e41b6f3a..., userDataDir: /var/folders/bh/dj44sdwj5rd...}, fedcm:accounts: true, goog:chromeOptions: {debuggerAddress: localhost:60712}, networkConnectionEnabled: false, pageLoadStrategy: normal, platformName: mac, proxy: Proxy(), se:cdp: ws://localhost:60712/devtoo..., se:cdpVersion: 131.0.6778.86, setWindowRect: true, strictFileInteractability: false, timeouts: {implicit: 0, pageLoad: 300000, script: 30000}, unhandledPromptBehavior: dismiss and notify, webauthn:extension:credBlob: true, webauthn:extension:largeBlob: true, webauthn:extension:minPinLength: true, webauthn:extension:prf: true, webauthn:virtualAuthenticators: true}
Element: [[ChromeDriver: chrome on mac (72889a6d21a0c473e832d856fa0b5055)] -> css selector: button.btn]
Session ID: 72889a6d21a0c473e832d856fa0b5055
at org.openqa.selenium.remote.ErrorCodec.decode(ErrorCodec.java:167)
at org.openqa.selenium.remote.codec.w3c.W3CHttpResponseCodec.decode(W3CHttpResponseCodec.java:138)
at org.openqa.selenium.remote.codec.w3c.W3CHttpResponseCodec.decode(W3CHttpResponseCodec.java:50)
at org.openqa.selenium.remote.HttpCommandExecutor.execute(HttpCommandExecutor.java:190)
at org.openqa.selenium.remote.service.DriverCommandExecutor.invokeExecute(DriverCommandExecutor.java:216)
at org.openqa.selenium.remote.service.DriverCommandExecutor.execute(DriverCommandExecutor.java:174)
at org.openqa.selenium.remote.RemoteWebDriver.execute(RemoteWebDriver.java:545)
at org.openqa.selenium.remote.RemoteWebElement.execute(RemoteWebElement.java:223)
at org.openqa.selenium.remote.RemoteWebElement.click(RemoteWebElement.java:76)
at PageObjects.HomePage.clickOnHomePageGetStartedButton(HomePage.java:28)
at Tests.DSIntorductionPage.loginIntoApp(DSIntorductionPage.java:21)
at java.base/java.util.concurrent.ThreadPoolExecutor.runWorker(ThreadPoolExecutor.java:1144)
at java.base/java.util.concurrent.ThreadPoolExecutor$Worker.run(ThreadPoolExecutor.java:642)
at java.base/java.lang.Thread.run(Thread.java:1570)
... Removed 17 stack frames]]>
    </failure>
  </testcase> <!-- @BeforeMethod loginIntoApp -->
  <testcase classname="Tests.DSIntorductionPage" name="@BeforeMethod loginIntoApp" time="3.432">
    <failure type="org.openqa.selenium.StaleElementReferenceException" message="stale element reference: stale element not found
  (Session info: chrome=131.0.6778.86)
For documentation on this error, please visit: https://www.selenium.dev/documentation/webdriver/troubleshooting/errors#stale-element-reference-exception
Build info: version: &amp;apos;4.26.0&amp;apos;, revision: &amp;apos;8ccf0219d7&amp;apos;
System info: os.name: &amp;apos;Mac OS X&amp;apos;, os.arch: &amp;apos;x86_64&amp;apos;, os.version: &amp;apos;14.7&amp;apos;, java.version: &amp;apos;22.0.2&amp;apos;
Driver info: org.openqa.selenium.chrome.ChromeDriver
Command: [72889a6d21a0c473e832d856fa0b5055, clickElement {id=f.91766D8E4EE7847A5FBE657C4FCD856B.d.1B86756DB1F3183DB063620A0005128E.e.15}]
Capabilities {acceptInsecureCerts: false, browserName: chrome, browserVersion: 131.0.6778.86, chrome: {chromedriverVersion: 131.0.6778.85 (3d81e41b6f3a..., userDataDir: /var/folders/bh/dj44sdwj5rd...}, fedcm:accounts: true, goog:chromeOptions: {debuggerAddress: localhost:60712}, networkConnectionEnabled: false, pageLoadStrategy: normal, platformName: mac, proxy: Proxy(), se:cdp: ws://localhost:60712/devtoo..., se:cdpVersion: 131.0.6778.86, setWindowRect: true, strictFileInteractability: false, timeouts: {implicit: 0, pageLoad: 300000, script: 30000}, unhandledPromptBehavior: dismiss and notify, webauthn:extension:credBlob: true, webauthn:extension:largeBlob: true, webauthn:extension:minPinLength: true, webauthn:extension:prf: true, webauthn:virtualAuthenticators: true}
Element: [[ChromeDriver: chrome on mac (72889a6d21a0c473e832d856fa0b5055)] -&amp;gt; css selector: button.btn]
Session ID: 72889a6d21a0c473e832d856fa0b5055">
      <![CDATA[org.openqa.selenium.StaleElementReferenceException: stale element reference: stale element not found
  (Session info: chrome=131.0.6778.86)
For documentation on this error, please visit: https://www.selenium.dev/documentation/webdriver/troubleshooting/errors#stale-element-reference-exception
Build info: version: '4.26.0', revision: '8ccf0219d7'
System info: os.name: 'Mac OS X', os.arch: 'x86_64', os.version: '14.7', java.version: '22.0.2'
Driver info: org.openqa.selenium.chrome.ChromeDriver
Command: [72889a6d21a0c473e832d856fa0b5055, clickElement {id=f.91766D8E4EE7847A5FBE657C4FCD856B.d.1B86756DB1F3183DB063620A0005128E.e.15}]
Capabilities {acceptInsecureCerts: false, browserName: chrome, browserVersion: 131.0.6778.86, chrome: {chromedriverVersion: 131.0.6778.85 (3d81e41b6f3a..., userDataDir: /var/folders/bh/dj44sdwj5rd...}, fedcm:accounts: true, goog:chromeOptions: {debuggerAddress: localhost:60712}, networkConnectionEnabled: false, pageLoadStrategy: normal, platformName: mac, proxy: Proxy(), se:cdp: ws://localhost:60712/devtoo..., se:cdpVersion: 131.0.6778.86, setWindowRect: true, strictFileInteractability: false, timeouts: {implicit: 0, pageLoad: 300000, script: 30000}, unhandledPromptBehavior: dismiss and notify, webauthn:extension:credBlob: true, webauthn:extension:largeBlob: true, webauthn:extension:minPinLength: true, webauthn:extension:prf: true, webauthn:virtualAuthenticators: true}
Element: [[ChromeDriver: chrome on mac (72889a6d21a0c473e832d856fa0b5055)] -> css selector: button.btn]
Session ID: 72889a6d21a0c473e832d856fa0b5055
at org.openqa.selenium.remote.ErrorCodec.decode(ErrorCodec.java:167)
at org.openqa.selenium.remote.codec.w3c.W3CHttpResponseCodec.decode(W3CHttpResponseCodec.java:138)
at org.openqa.selenium.remote.codec.w3c.W3CHttpResponseCodec.decode(W3CHttpResponseCodec.java:50)
at org.openqa.selenium.remote.HttpCommandExecutor.execute(HttpCommandExecutor.java:190)
at org.openqa.selenium.remote.service.DriverCommandExecutor.invokeExecute(DriverCommandExecutor.java:216)
at org.openqa.selenium.remote.service.DriverCommandExecutor.execute(DriverCommandExecutor.java:174)
at org.openqa.selenium.remote.RemoteWebDriver.execute(RemoteWebDriver.java:545)
at org.openqa.selenium.remote.RemoteWebElement.execute(RemoteWebElement.java:223)
at org.openqa.selenium.remote.RemoteWebElement.click(RemoteWebElement.java:76)
at PageObjects.HomePage.clickOnHomePageGetStartedButton(HomePage.java:28)
at Tests.DSIntorductionPage.loginIntoApp(DSIntorductionPage.java:21)
at java.base/java.util.concurrent.ThreadPoolExecutor.runWorker(ThreadPoolExecutor.java:1144)
at java.base/java.util.concurrent.ThreadPoolExecutor$Worker.run(ThreadPoolExecutor.java:642)
at java.base/java.lang.Thread.run(Thread.java:1570)
... Removed 17 stack frames]]>
    </failure>
  </testcase> <!-- @BeforeMethod loginIntoApp -->
  <testcase classname="Tests.DSIntorductionPage" name="@BeforeMethod loginIntoApp" time="3.5">
    <failure type="org.openqa.selenium.StaleElementReferenceException" message="stale element reference: stale element not found
  (Session info: chrome=131.0.6778.86)
For documentation on this error, please visit: https://www.selenium.dev/documentation/webdriver/troubleshooting/errors#stale-element-reference-exception
Build info: version: &amp;apos;4.26.0&amp;apos;, revision: &amp;apos;8ccf0219d7&amp;apos;
System info: os.name: &amp;apos;Mac OS X&amp;apos;, os.arch: &amp;apos;x86_64&amp;apos;, os.version: &amp;apos;14.7&amp;apos;, java.version: &amp;apos;22.0.2&amp;apos;
Driver info: org.openqa.selenium.chrome.ChromeDriver
Command: [72889a6d21a0c473e832d856fa0b5055, clickElement {id=f.91766D8E4EE7847A5FBE657C4FCD856B.d.1B86756DB1F3183DB063620A0005128E.e.15}]
Capabilities {acceptInsecureCerts: false, browserName: chrome, browserVersion: 131.0.6778.86, chrome: {chromedriverVersion: 131.0.6778.85 (3d81e41b6f3a..., userDataDir: /var/folders/bh/dj44sdwj5rd...}, fedcm:accounts: true, goog:chromeOptions: {debuggerAddress: localhost:60712}, networkConnectionEnabled: false, pageLoadStrategy: normal, platformName: mac, proxy: Proxy(), se:cdp: ws://localhost:60712/devtoo..., se:cdpVersion: 131.0.6778.86, setWindowRect: true, strictFileInteractability: false, timeouts: {implicit: 0, pageLoad: 300000, script: 30000}, unhandledPromptBehavior: dismiss and notify, webauthn:extension:credBlob: true, webauthn:extension:largeBlob: true, webauthn:extension:minPinLength: true, webauthn:extension:prf: true, webauthn:virtualAuthenticators: true}
Element: [[ChromeDriver: chrome on mac (72889a6d21a0c473e832d856fa0b5055)] -&amp;gt; css selector: button.btn]
Session ID: 72889a6d21a0c473e832d856fa0b5055">
      <![CDATA[org.openqa.selenium.StaleElementReferenceException: stale element reference: stale element not found
  (Session info: chrome=131.0.6778.86)
For documentation on this error, please visit: https://www.selenium.dev/documentation/webdriver/troubleshooting/errors#stale-element-reference-exception
Build info: version: '4.26.0', revision: '8ccf0219d7'
System info: os.name: 'Mac OS X', os.arch: 'x86_64', os.version: '14.7', java.version: '22.0.2'
Driver info: org.openqa.selenium.chrome.ChromeDriver
Command: [72889a6d21a0c473e832d856fa0b5055, clickElement {id=f.91766D8E4EE7847A5FBE657C4FCD856B.d.1B86756DB1F3183DB063620A0005128E.e.15}]
Capabilities {acceptInsecureCerts: false, browserName: chrome, browserVersion: 131.0.6778.86, chrome: {chromedriverVersion: 131.0.6778.85 (3d81e41b6f3a..., userDataDir: /var/folders/bh/dj44sdwj5rd...}, fedcm:accounts: true, goog:chromeOptions: {debuggerAddress: localhost:60712}, networkConnectionEnabled: false, pageLoadStrategy: normal, platformName: mac, proxy: Proxy(), se:cdp: ws://localhost:60712/devtoo..., se:cdpVersion: 131.0.6778.86, setWindowRect: true, strictFileInteractability: false, timeouts: {implicit: 0, pageLoad: 300000, script: 30000}, unhandledPromptBehavior: dismiss and notify, webauthn:extension:credBlob: true, webauthn:extension:largeBlob: true, webauthn:extension:minPinLength: true, webauthn:extension:prf: true, webauthn:virtualAuthenticators: true}
Element: [[ChromeDriver: chrome on mac (72889a6d21a0c473e832d856fa0b5055)] -> css selector: button.btn]
Session ID: 72889a6d21a0c473e832d856fa0b5055
at org.openqa.selenium.remote.ErrorCodec.decode(ErrorCodec.java:167)
at org.openqa.selenium.remote.codec.w3c.W3CHttpResponseCodec.decode(W3CHttpResponseCodec.java:138)
at org.openqa.selenium.remote.codec.w3c.W3CHttpResponseCodec.decode(W3CHttpResponseCodec.java:50)
at org.openqa.selenium.remote.HttpCommandExecutor.execute(HttpCommandExecutor.java:190)
at org.openqa.selenium.remote.service.DriverCommandExecutor.invokeExecute(DriverCommandExecutor.java:216)
at org.openqa.selenium.remote.service.DriverCommandExecutor.execute(DriverCommandExecutor.java:174)
at org.openqa.selenium.remote.RemoteWebDriver.execute(RemoteWebDriver.java:545)
at org.openqa.selenium.remote.RemoteWebElement.execute(RemoteWebElement.java:223)
at org.openqa.selenium.remote.RemoteWebElement.click(RemoteWebElement.java:76)
at PageObjects.HomePage.clickOnHomePageGetStartedButton(HomePage.java:28)
at Tests.DSIntorductionPage.loginIntoApp(DSIntorductionPage.java:21)
at java.base/java.util.concurrent.ThreadPoolExecutor.runWorker(ThreadPoolExecutor.java:1144)
at java.base/java.util.concurrent.ThreadPoolExecutor$Worker.run(ThreadPoolExecutor.java:642)
at java.base/java.lang.Thread.run(Thread.java:1570)
... Removed 17 stack frames]]>
    </failure>
  </testcase> <!-- @BeforeMethod loginIntoApp -->
  <testcase classname="Tests.DSIntorductionPage" name="@BeforeMethod loginIntoApp" time="3.497">
    <failure type="org.openqa.selenium.StaleElementReferenceException" message="stale element reference: stale element not found
  (Session info: chrome=131.0.6778.86)
For documentation on this error, please visit: https://www.selenium.dev/documentation/webdriver/troubleshooting/errors#stale-element-reference-exception
Build info: version: &amp;apos;4.26.0&amp;apos;, revision: &amp;apos;8ccf0219d7&amp;apos;
System info: os.name: &amp;apos;Mac OS X&amp;apos;, os.arch: &amp;apos;x86_64&amp;apos;, os.version: &amp;apos;14.7&amp;apos;, java.version: &amp;apos;22.0.2&amp;apos;
Driver info: org.openqa.selenium.chrome.ChromeDriver
Command: [72889a6d21a0c473e832d856fa0b5055, clickElement {id=f.91766D8E4EE7847A5FBE657C4FCD856B.d.1B86756DB1F3183DB063620A0005128E.e.15}]
Capabilities {acceptInsecureCerts: false, browserName: chrome, browserVersion: 131.0.6778.86, chrome: {chromedriverVersion: 131.0.6778.85 (3d81e41b6f3a..., userDataDir: /var/folders/bh/dj44sdwj5rd...}, fedcm:accounts: true, goog:chromeOptions: {debuggerAddress: localhost:60712}, networkConnectionEnabled: false, pageLoadStrategy: normal, platformName: mac, proxy: Proxy(), se:cdp: ws://localhost:60712/devtoo..., se:cdpVersion: 131.0.6778.86, setWindowRect: true, strictFileInteractability: false, timeouts: {implicit: 0, pageLoad: 300000, script: 30000}, unhandledPromptBehavior: dismiss and notify, webauthn:extension:credBlob: true, webauthn:extension:largeBlob: true, webauthn:extension:minPinLength: true, webauthn:extension:prf: true, webauthn:virtualAuthenticators: true}
Element: [[ChromeDriver: chrome on mac (72889a6d21a0c473e832d856fa0b5055)] -&amp;gt; css selector: button.btn]
Session ID: 72889a6d21a0c473e832d856fa0b5055">
      <![CDATA[org.openqa.selenium.StaleElementReferenceException: stale element reference: stale element not found
  (Session info: chrome=131.0.6778.86)
For documentation on this error, please visit: https://www.selenium.dev/documentation/webdriver/troubleshooting/errors#stale-element-reference-exception
Build info: version: '4.26.0', revision: '8ccf0219d7'
System info: os.name: 'Mac OS X', os.arch: 'x86_64', os.version: '14.7', java.version: '22.0.2'
Driver info: org.openqa.selenium.chrome.ChromeDriver
Command: [72889a6d21a0c473e832d856fa0b5055, clickElement {id=f.91766D8E4EE7847A5FBE657C4FCD856B.d.1B86756DB1F3183DB063620A0005128E.e.15}]
Capabilities {acceptInsecureCerts: false, browserName: chrome, browserVersion: 131.0.6778.86, chrome: {chromedriverVersion: 131.0.6778.85 (3d81e41b6f3a..., userDataDir: /var/folders/bh/dj44sdwj5rd...}, fedcm:accounts: true, goog:chromeOptions: {debuggerAddress: localhost:60712}, networkConnectionEnabled: false, pageLoadStrategy: normal, platformName: mac, proxy: Proxy(), se:cdp: ws://localhost:60712/devtoo..., se:cdpVersion: 131.0.6778.86, setWindowRect: true, strictFileInteractability: false, timeouts: {implicit: 0, pageLoad: 300000, script: 30000}, unhandledPromptBehavior: dismiss and notify, webauthn:extension:credBlob: true, webauthn:extension:largeBlob: true, webauthn:extension:minPinLength: true, webauthn:extension:prf: true, webauthn:virtualAuthenticators: true}
Element: [[ChromeDriver: chrome on mac (72889a6d21a0c473e832d856fa0b5055)] -> css selector: button.btn]
Session ID: 72889a6d21a0c473e832d856fa0b5055
at org.openqa.selenium.remote.ErrorCodec.decode(ErrorCodec.java:167)
at org.openqa.selenium.remote.codec.w3c.W3CHttpResponseCodec.decode(W3CHttpResponseCodec.java:138)
at org.openqa.selenium.remote.codec.w3c.W3CHttpResponseCodec.decode(W3CHttpResponseCodec.java:50)
at org.openqa.selenium.remote.HttpCommandExecutor.execute(HttpCommandExecutor.java:190)
at org.openqa.selenium.remote.service.DriverCommandExecutor.invokeExecute(DriverCommandExecutor.java:216)
at org.openqa.selenium.remote.service.DriverCommandExecutor.execute(DriverCommandExecutor.java:174)
at org.openqa.selenium.remote.RemoteWebDriver.execute(RemoteWebDriver.java:545)
at org.openqa.selenium.remote.RemoteWebElement.execute(RemoteWebElement.java:223)
at org.openqa.selenium.remote.RemoteWebElement.click(RemoteWebElement.java:76)
at PageObjects.HomePage.clickOnHomePageGetStartedButton(HomePage.java:28)
at Tests.DSIntorductionPage.loginIntoApp(DSIntorductionPage.java:21)
at java.base/java.util.concurrent.ThreadPoolExecutor.runWorker(ThreadPoolExecutor.java:1144)
at java.base/java.util.concurrent.ThreadPoolExecutor$Worker.run(ThreadPoolExecutor.java:642)
at java.base/java.lang.Thread.run(Thread.java:1570)
... Removed 17 stack frames]]>
    </failure>
  </testcase> <!-- @BeforeMethod loginIntoApp -->
  <testcase classname="Tests.DSIntorductionPage" name="@BeforeMethod loginIntoApp" time="4.809">
    <failure type="org.openqa.selenium.NoSuchElementException" message="no such element: Unable to locate element: {&amp;quot;method&amp;quot;:&amp;quot;css selector&amp;quot;,&amp;quot;selector&amp;quot;:&amp;quot;input[name=&amp;apos;username&amp;apos;]&amp;quot;}
  (Session info: chrome=131.0.6778.86)
For documentation on this error, please visit: https://www.selenium.dev/documentation/webdriver/troubleshooting/errors#no-such-element-exception
Build info: version: &amp;apos;4.26.0&amp;apos;, revision: &amp;apos;8ccf0219d7&amp;apos;
System info: os.name: &amp;apos;Mac OS X&amp;apos;, os.arch: &amp;apos;x86_64&amp;apos;, os.version: &amp;apos;14.7&amp;apos;, java.version: &amp;apos;22.0.2&amp;apos;
Driver info: org.openqa.selenium.chrome.ChromeDriver
Command: [72889a6d21a0c473e832d856fa0b5055, findElement {value=input[name=&amp;apos;username&amp;apos;], using=css selector}]
Capabilities {acceptInsecureCerts: false, browserName: chrome, browserVersion: 131.0.6778.86, chrome: {chromedriverVersion: 131.0.6778.85 (3d81e41b6f3a..., userDataDir: /var/folders/bh/dj44sdwj5rd...}, fedcm:accounts: true, goog:chromeOptions: {debuggerAddress: localhost:60712}, networkConnectionEnabled: false, pageLoadStrategy: normal, platformName: mac, proxy: Proxy(), se:cdp: ws://localhost:60712/devtoo..., se:cdpVersion: 131.0.6778.86, setWindowRect: true, strictFileInteractability: false, timeouts: {implicit: 0, pageLoad: 300000, script: 30000}, unhandledPromptBehavior: dismiss and notify, webauthn:extension:credBlob: true, webauthn:extension:largeBlob: true, webauthn:extension:minPinLength: true, webauthn:extension:prf: true, webauthn:virtualAuthenticators: true}
Session ID: 72889a6d21a0c473e832d856fa0b5055">
      <![CDATA[org.openqa.selenium.NoSuchElementException: no such element: Unable to locate element: {"method":"css selector","selector":"input[name='username']"}
  (Session info: chrome=131.0.6778.86)
For documentation on this error, please visit: https://www.selenium.dev/documentation/webdriver/troubleshooting/errors#no-such-element-exception
Build info: version: '4.26.0', revision: '8ccf0219d7'
System info: os.name: 'Mac OS X', os.arch: 'x86_64', os.version: '14.7', java.version: '22.0.2'
Driver info: org.openqa.selenium.chrome.ChromeDriver
Command: [72889a6d21a0c473e832d856fa0b5055, findElement {value=input[name='username'], using=css selector}]
Capabilities {acceptInsecureCerts: false, browserName: chrome, browserVersion: 131.0.6778.86, chrome: {chromedriverVersion: 131.0.6778.85 (3d81e41b6f3a..., userDataDir: /var/folders/bh/dj44sdwj5rd...}, fedcm:accounts: true, goog:chromeOptions: {debuggerAddress: localhost:60712}, networkConnectionEnabled: false, pageLoadStrategy: normal, platformName: mac, proxy: Proxy(), se:cdp: ws://localhost:60712/devtoo..., se:cdpVersion: 131.0.6778.86, setWindowRect: true, strictFileInteractability: false, timeouts: {implicit: 0, pageLoad: 300000, script: 30000}, unhandledPromptBehavior: dismiss and notify, webauthn:extension:credBlob: true, webauthn:extension:largeBlob: true, webauthn:extension:minPinLength: true, webauthn:extension:prf: true, webauthn:virtualAuthenticators: true}
Session ID: 72889a6d21a0c473e832d856fa0b5055
at org.openqa.selenium.remote.ErrorCodec.decode(ErrorCodec.java:167)
at org.openqa.selenium.remote.codec.w3c.W3CHttpResponseCodec.decode(W3CHttpResponseCodec.java:138)
at org.openqa.selenium.remote.codec.w3c.W3CHttpResponseCodec.decode(W3CHttpResponseCodec.java:50)
at org.openqa.selenium.remote.HttpCommandExecutor.execute(HttpCommandExecutor.java:190)
at org.openqa.selenium.remote.service.DriverCommandExecutor.invokeExecute(DriverCommandExecutor.java:216)
at org.openqa.selenium.remote.service.DriverCommandExecutor.execute(DriverCommandExecutor.java:174)
at org.openqa.selenium.remote.RemoteWebDriver.execute(RemoteWebDriver.java:545)
at org.openqa.selenium.remote.ElementLocation$ElementFinder$2.findElement(ElementLocation.java:165)
at org.openqa.selenium.remote.ElementLocation.findElement(ElementLocation.java:59)
at org.openqa.selenium.remote.RemoteWebDriver.findElement(RemoteWebDriver.java:368)
at org.openqa.selenium.remote.RemoteWebDriver.findElement(RemoteWebDriver.java:362)
at PageObjects.IntroductionPage.completeTheLOgin(IntroductionPage.java:88)
at Tests.DSIntorductionPage.loginIntoApp(DSIntorductionPage.java:22)
at java.base/java.util.concurrent.ThreadPoolExecutor.runWorker(ThreadPoolExecutor.java:1144)
at java.base/java.util.concurrent.ThreadPoolExecutor$Worker.run(ThreadPoolExecutor.java:642)
at java.base/java.lang.Thread.run(Thread.java:1570)
... Removed 17 stack frames]]>
    </failure>
  </testcase> <!-- @BeforeMethod loginIntoApp -->
  <testcase classname="Tests.QueueDetails" name="@BeforeMethod loginIntoApp" time="10.248">
    <failure type="org.openqa.selenium.TimeoutException" message="timeout: Timed out receiving message from renderer: -0.003
  (Session info: chrome=131.0.6778.86)
Build info: version: &amp;apos;4.26.0&amp;apos;, revision: &amp;apos;8ccf0219d7&amp;apos;
System info: os.name: &amp;apos;Mac OS X&amp;apos;, os.arch: &amp;apos;x86_64&amp;apos;, os.version: &amp;apos;14.7&amp;apos;, java.version: &amp;apos;22.0.2&amp;apos;
Driver info: org.openqa.selenium.chrome.ChromeDriver
Command: [2879bb0252d903837a04ea276d826ba0, get {url=https://dsportalapp.herokuapp.com/}]
Capabilities {acceptInsecureCerts: false, browserName: chrome, browserVersion: 131.0.6778.86, chrome: {chromedriverVersion: 131.0.6778.85 (3d81e41b6f3a..., userDataDir: /var/folders/bh/dj44sdwj5rd...}, fedcm:accounts: true, goog:chromeOptions: {debuggerAddress: localhost:60746}, networkConnectionEnabled: false, pageLoadStrategy: normal, platformName: mac, proxy: Proxy(), se:cdp: ws://localhost:60746/devtoo..., se:cdpVersion: 131.0.6778.86, setWindowRect: true, strictFileInteractability: false, timeouts: {implicit: 0, pageLoad: 300000, script: 30000}, unhandledPromptBehavior: dismiss and notify, webauthn:extension:credBlob: true, webauthn:extension:largeBlob: true, webauthn:extension:minPinLength: true, webauthn:extension:prf: true, webauthn:virtualAuthenticators: true}
Session ID: 2879bb0252d903837a04ea276d826ba0">
      <![CDATA[org.openqa.selenium.TimeoutException: timeout: Timed out receiving message from renderer: -0.003
  (Session info: chrome=131.0.6778.86)
Build info: version: '4.26.0', revision: '8ccf0219d7'
System info: os.name: 'Mac OS X', os.arch: 'x86_64', os.version: '14.7', java.version: '22.0.2'
Driver info: org.openqa.selenium.chrome.ChromeDriver
Command: [2879bb0252d903837a04ea276d826ba0, get {url=https://dsportalapp.herokuapp.com/}]
Capabilities {acceptInsecureCerts: false, browserName: chrome, browserVersion: 131.0.6778.86, chrome: {chromedriverVersion: 131.0.6778.85 (3d81e41b6f3a..., userDataDir: /var/folders/bh/dj44sdwj5rd...}, fedcm:accounts: true, goog:chromeOptions: {debuggerAddress: localhost:60746}, networkConnectionEnabled: false, pageLoadStrategy: normal, platformName: mac, proxy: Proxy(), se:cdp: ws://localhost:60746/devtoo..., se:cdpVersion: 131.0.6778.86, setWindowRect: true, strictFileInteractability: false, timeouts: {implicit: 0, pageLoad: 300000, script: 30000}, unhandledPromptBehavior: dismiss and notify, webauthn:extension:credBlob: true, webauthn:extension:largeBlob: true, webauthn:extension:minPinLength: true, webauthn:extension:prf: true, webauthn:virtualAuthenticators: true}
Session ID: 2879bb0252d903837a04ea276d826ba0
at org.openqa.selenium.remote.ErrorCodec.decode(ErrorCodec.java:167)
at org.openqa.selenium.remote.codec.w3c.W3CHttpResponseCodec.decode(W3CHttpResponseCodec.java:138)
at org.openqa.selenium.remote.codec.w3c.W3CHttpResponseCodec.decode(W3CHttpResponseCodec.java:50)
at org.openqa.selenium.remote.HttpCommandExecutor.execute(HttpCommandExecutor.java:190)
at org.openqa.selenium.remote.service.DriverCommandExecutor.invokeExecute(DriverCommandExecutor.java:216)
at org.openqa.selenium.remote.service.DriverCommandExecutor.execute(DriverCommandExecutor.java:174)
at org.openqa.selenium.remote.RemoteWebDriver.execute(RemoteWebDriver.java:545)
at org.openqa.selenium.remote.RemoteWebDriver.get(RemoteWebDriver.java:313)
at PageObjects.HomePage.openUrl(HomePage.java:16)
at Tests.QueueDetails.loginIntoApp(QueueDetails.java:21)
at java.base/java.util.concurrent.ThreadPoolExecutor.runWorker(ThreadPoolExecutor.java:1144)
at java.base/java.util.concurrent.ThreadPoolExecutor$Worker.run(ThreadPoolExecutor.java:642)
at java.base/java.lang.Thread.run(Thread.java:1570)
... Removed 17 stack frames]]>
    </failure>
  </testcase> <!-- @BeforeMethod loginIntoApp -->
  <testcase classname="Tests.QueueDetails" name="@BeforeMethod loginIntoApp" time="20.494">
    <failure type="org.openqa.selenium.TimeoutException" message="timeout: Timed out receiving message from renderer: -0.237
  (Session info: chrome=131.0.6778.86)
Build info: version: &amp;apos;4.26.0&amp;apos;, revision: &amp;apos;8ccf0219d7&amp;apos;
System info: os.name: &amp;apos;Mac OS X&amp;apos;, os.arch: &amp;apos;x86_64&amp;apos;, os.version: &amp;apos;14.7&amp;apos;, java.version: &amp;apos;22.0.2&amp;apos;
Driver info: org.openqa.selenium.chrome.ChromeDriver
Command: [2879bb0252d903837a04ea276d826ba0, get {url=https://dsportalapp.herokuapp.com/}]
Capabilities {acceptInsecureCerts: false, browserName: chrome, browserVersion: 131.0.6778.86, chrome: {chromedriverVersion: 131.0.6778.85 (3d81e41b6f3a..., userDataDir: /var/folders/bh/dj44sdwj5rd...}, fedcm:accounts: true, goog:chromeOptions: {debuggerAddress: localhost:60746}, networkConnectionEnabled: false, pageLoadStrategy: normal, platformName: mac, proxy: Proxy(), se:cdp: ws://localhost:60746/devtoo..., se:cdpVersion: 131.0.6778.86, setWindowRect: true, strictFileInteractability: false, timeouts: {implicit: 0, pageLoad: 300000, script: 30000}, unhandledPromptBehavior: dismiss and notify, webauthn:extension:credBlob: true, webauthn:extension:largeBlob: true, webauthn:extension:minPinLength: true, webauthn:extension:prf: true, webauthn:virtualAuthenticators: true}
Session ID: 2879bb0252d903837a04ea276d826ba0">
      <![CDATA[org.openqa.selenium.TimeoutException: timeout: Timed out receiving message from renderer: -0.237
  (Session info: chrome=131.0.6778.86)
Build info: version: '4.26.0', revision: '8ccf0219d7'
System info: os.name: 'Mac OS X', os.arch: 'x86_64', os.version: '14.7', java.version: '22.0.2'
Driver info: org.openqa.selenium.chrome.ChromeDriver
Command: [2879bb0252d903837a04ea276d826ba0, get {url=https://dsportalapp.herokuapp.com/}]
Capabilities {acceptInsecureCerts: false, browserName: chrome, browserVersion: 131.0.6778.86, chrome: {chromedriverVersion: 131.0.6778.85 (3d81e41b6f3a..., userDataDir: /var/folders/bh/dj44sdwj5rd...}, fedcm:accounts: true, goog:chromeOptions: {debuggerAddress: localhost:60746}, networkConnectionEnabled: false, pageLoadStrategy: normal, platformName: mac, proxy: Proxy(), se:cdp: ws://localhost:60746/devtoo..., se:cdpVersion: 131.0.6778.86, setWindowRect: true, strictFileInteractability: false, timeouts: {implicit: 0, pageLoad: 300000, script: 30000}, unhandledPromptBehavior: dismiss and notify, webauthn:extension:credBlob: true, webauthn:extension:largeBlob: true, webauthn:extension:minPinLength: true, webauthn:extension:prf: true, webauthn:virtualAuthenticators: true}
Session ID: 2879bb0252d903837a04ea276d826ba0
at org.openqa.selenium.remote.ErrorCodec.decode(ErrorCodec.java:167)
at org.openqa.selenium.remote.codec.w3c.W3CHttpResponseCodec.decode(W3CHttpResponseCodec.java:138)
at org.openqa.selenium.remote.codec.w3c.W3CHttpResponseCodec.decode(W3CHttpResponseCodec.java:50)
at org.openqa.selenium.remote.HttpCommandExecutor.execute(HttpCommandExecutor.java:190)
at org.openqa.selenium.remote.service.DriverCommandExecutor.invokeExecute(DriverCommandExecutor.java:216)
at org.openqa.selenium.remote.service.DriverCommandExecutor.execute(DriverCommandExecutor.java:174)
at org.openqa.selenium.remote.RemoteWebDriver.execute(RemoteWebDriver.java:545)
at org.openqa.selenium.remote.RemoteWebDriver.get(RemoteWebDriver.java:313)
at PageObjects.HomePage.openUrl(HomePage.java:16)
at Tests.QueueDetails.loginIntoApp(QueueDetails.java:21)
at java.base/java.util.concurrent.ThreadPoolExecutor.runWorker(ThreadPoolExecutor.java:1144)
at java.base/java.util.concurrent.ThreadPoolExecutor$Worker.run(ThreadPoolExecutor.java:642)
at java.base/java.lang.Thread.run(Thread.java:1570)
... Removed 17 stack frames]]>
    </failure>
  </testcase> <!-- @BeforeMethod loginIntoApp -->
  <testcase classname="Tests.QueueDetails" name="@BeforeMethod loginIntoApp" time="31.172">
    <failure type="org.openqa.selenium.TimeoutException" message="timeout: Timed out receiving message from renderer: -0.136
  (Session info: chrome=131.0.6778.86)
Build info: version: &amp;apos;4.26.0&amp;apos;, revision: &amp;apos;8ccf0219d7&amp;apos;
System info: os.name: &amp;apos;Mac OS X&amp;apos;, os.arch: &amp;apos;x86_64&amp;apos;, os.version: &amp;apos;14.7&amp;apos;, java.version: &amp;apos;22.0.2&amp;apos;
Driver info: org.openqa.selenium.chrome.ChromeDriver
Command: [2879bb0252d903837a04ea276d826ba0, get {url=https://dsportalapp.herokuapp.com/}]
Capabilities {acceptInsecureCerts: false, browserName: chrome, browserVersion: 131.0.6778.86, chrome: {chromedriverVersion: 131.0.6778.85 (3d81e41b6f3a..., userDataDir: /var/folders/bh/dj44sdwj5rd...}, fedcm:accounts: true, goog:chromeOptions: {debuggerAddress: localhost:60746}, networkConnectionEnabled: false, pageLoadStrategy: normal, platformName: mac, proxy: Proxy(), se:cdp: ws://localhost:60746/devtoo..., se:cdpVersion: 131.0.6778.86, setWindowRect: true, strictFileInteractability: false, timeouts: {implicit: 0, pageLoad: 300000, script: 30000}, unhandledPromptBehavior: dismiss and notify, webauthn:extension:credBlob: true, webauthn:extension:largeBlob: true, webauthn:extension:minPinLength: true, webauthn:extension:prf: true, webauthn:virtualAuthenticators: true}
Session ID: 2879bb0252d903837a04ea276d826ba0">
      <![CDATA[org.openqa.selenium.TimeoutException: timeout: Timed out receiving message from renderer: -0.136
  (Session info: chrome=131.0.6778.86)
Build info: version: '4.26.0', revision: '8ccf0219d7'
System info: os.name: 'Mac OS X', os.arch: 'x86_64', os.version: '14.7', java.version: '22.0.2'
Driver info: org.openqa.selenium.chrome.ChromeDriver
Command: [2879bb0252d903837a04ea276d826ba0, get {url=https://dsportalapp.herokuapp.com/}]
Capabilities {acceptInsecureCerts: false, browserName: chrome, browserVersion: 131.0.6778.86, chrome: {chromedriverVersion: 131.0.6778.85 (3d81e41b6f3a..., userDataDir: /var/folders/bh/dj44sdwj5rd...}, fedcm:accounts: true, goog:chromeOptions: {debuggerAddress: localhost:60746}, networkConnectionEnabled: false, pageLoadStrategy: normal, platformName: mac, proxy: Proxy(), se:cdp: ws://localhost:60746/devtoo..., se:cdpVersion: 131.0.6778.86, setWindowRect: true, strictFileInteractability: false, timeouts: {implicit: 0, pageLoad: 300000, script: 30000}, unhandledPromptBehavior: dismiss and notify, webauthn:extension:credBlob: true, webauthn:extension:largeBlob: true, webauthn:extension:minPinLength: true, webauthn:extension:prf: true, webauthn:virtualAuthenticators: true}
Session ID: 2879bb0252d903837a04ea276d826ba0
at org.openqa.selenium.remote.ErrorCodec.decode(ErrorCodec.java:167)
at org.openqa.selenium.remote.codec.w3c.W3CHttpResponseCodec.decode(W3CHttpResponseCodec.java:138)
at org.openqa.selenium.remote.codec.w3c.W3CHttpResponseCodec.decode(W3CHttpResponseCodec.java:50)
at org.openqa.selenium.remote.HttpCommandExecutor.execute(HttpCommandExecutor.java:190)
at org.openqa.selenium.remote.service.DriverCommandExecutor.invokeExecute(DriverCommandExecutor.java:216)
at org.openqa.selenium.remote.service.DriverCommandExecutor.execute(DriverCommandExecutor.java:174)
at org.openqa.selenium.remote.RemoteWebDriver.execute(RemoteWebDriver.java:545)
at org.openqa.selenium.remote.RemoteWebDriver.get(RemoteWebDriver.java:313)
at PageObjects.HomePage.openUrl(HomePage.java:16)
at Tests.QueueDetails.loginIntoApp(QueueDetails.java:21)
at java.base/java.util.concurrent.ThreadPoolExecutor.runWorker(ThreadPoolExecutor.java:1144)
at java.base/java.util.concurrent.ThreadPoolExecutor$Worker.run(ThreadPoolExecutor.java:642)
at java.base/java.lang.Thread.run(Thread.java:1570)
... Removed 17 stack frames]]>
    </failure>
  </testcase> <!-- @BeforeMethod loginIntoApp -->
  <testcase classname="Tests.QueueDetails" name="@BeforeMethod loginIntoApp" time="41.277">
    <failure type="org.openqa.selenium.TimeoutException" message="timeout: Timed out receiving message from renderer: -0.069
  (Session info: chrome=131.0.6778.86)
Build info: version: &amp;apos;4.26.0&amp;apos;, revision: &amp;apos;8ccf0219d7&amp;apos;
System info: os.name: &amp;apos;Mac OS X&amp;apos;, os.arch: &amp;apos;x86_64&amp;apos;, os.version: &amp;apos;14.7&amp;apos;, java.version: &amp;apos;22.0.2&amp;apos;
Driver info: org.openqa.selenium.chrome.ChromeDriver
Command: [2879bb0252d903837a04ea276d826ba0, get {url=https://dsportalapp.herokuapp.com/}]
Capabilities {acceptInsecureCerts: false, browserName: chrome, browserVersion: 131.0.6778.86, chrome: {chromedriverVersion: 131.0.6778.85 (3d81e41b6f3a..., userDataDir: /var/folders/bh/dj44sdwj5rd...}, fedcm:accounts: true, goog:chromeOptions: {debuggerAddress: localhost:60746}, networkConnectionEnabled: false, pageLoadStrategy: normal, platformName: mac, proxy: Proxy(), se:cdp: ws://localhost:60746/devtoo..., se:cdpVersion: 131.0.6778.86, setWindowRect: true, strictFileInteractability: false, timeouts: {implicit: 0, pageLoad: 300000, script: 30000}, unhandledPromptBehavior: dismiss and notify, webauthn:extension:credBlob: true, webauthn:extension:largeBlob: true, webauthn:extension:minPinLength: true, webauthn:extension:prf: true, webauthn:virtualAuthenticators: true}
Session ID: 2879bb0252d903837a04ea276d826ba0">
      <![CDATA[org.openqa.selenium.TimeoutException: timeout: Timed out receiving message from renderer: -0.069
  (Session info: chrome=131.0.6778.86)
Build info: version: '4.26.0', revision: '8ccf0219d7'
System info: os.name: 'Mac OS X', os.arch: 'x86_64', os.version: '14.7', java.version: '22.0.2'
Driver info: org.openqa.selenium.chrome.ChromeDriver
Command: [2879bb0252d903837a04ea276d826ba0, get {url=https://dsportalapp.herokuapp.com/}]
Capabilities {acceptInsecureCerts: false, browserName: chrome, browserVersion: 131.0.6778.86, chrome: {chromedriverVersion: 131.0.6778.85 (3d81e41b6f3a..., userDataDir: /var/folders/bh/dj44sdwj5rd...}, fedcm:accounts: true, goog:chromeOptions: {debuggerAddress: localhost:60746}, networkConnectionEnabled: false, pageLoadStrategy: normal, platformName: mac, proxy: Proxy(), se:cdp: ws://localhost:60746/devtoo..., se:cdpVersion: 131.0.6778.86, setWindowRect: true, strictFileInteractability: false, timeouts: {implicit: 0, pageLoad: 300000, script: 30000}, unhandledPromptBehavior: dismiss and notify, webauthn:extension:credBlob: true, webauthn:extension:largeBlob: true, webauthn:extension:minPinLength: true, webauthn:extension:prf: true, webauthn:virtualAuthenticators: true}
Session ID: 2879bb0252d903837a04ea276d826ba0
at org.openqa.selenium.remote.ErrorCodec.decode(ErrorCodec.java:167)
at org.openqa.selenium.remote.codec.w3c.W3CHttpResponseCodec.decode(W3CHttpResponseCodec.java:138)
at org.openqa.selenium.remote.codec.w3c.W3CHttpResponseCodec.decode(W3CHttpResponseCodec.java:50)
at org.openqa.selenium.remote.HttpCommandExecutor.execute(HttpCommandExecutor.java:190)
at org.openqa.selenium.remote.service.DriverCommandExecutor.invokeExecute(DriverCommandExecutor.java:216)
at org.openqa.selenium.remote.service.DriverCommandExecutor.execute(DriverCommandExecutor.java:174)
at org.openqa.selenium.remote.RemoteWebDriver.execute(RemoteWebDriver.java:545)
at org.openqa.selenium.remote.RemoteWebDriver.get(RemoteWebDriver.java:313)
at PageObjects.HomePage.openUrl(HomePage.java:16)
at Tests.QueueDetails.loginIntoApp(QueueDetails.java:21)
at java.base/java.util.concurrent.ThreadPoolExecutor.runWorker(ThreadPoolExecutor.java:1144)
at java.base/java.util.concurrent.ThreadPoolExecutor$Worker.run(ThreadPoolExecutor.java:642)
at java.base/java.lang.Thread.run(Thread.java:1570)
... Removed 17 stack frames]]>
    </failure>
  </testcase> <!-- @BeforeMethod loginIntoApp -->
  <testcase classname="Tests.QueueDetails" name="@BeforeMethod loginIntoApp" time="2.653">
    <failure type="org.openqa.selenium.StaleElementReferenceException" message="stale element reference: stale element not found
  (Session info: chrome=131.0.6778.86)
For documentation on this error, please visit: https://www.selenium.dev/documentation/webdriver/troubleshooting/errors#stale-element-reference-exception
Build info: version: &amp;apos;4.26.0&amp;apos;, revision: &amp;apos;8ccf0219d7&amp;apos;
System info: os.name: &amp;apos;Mac OS X&amp;apos;, os.arch: &amp;apos;x86_64&amp;apos;, os.version: &amp;apos;14.7&amp;apos;, java.version: &amp;apos;22.0.2&amp;apos;
Driver info: org.openqa.selenium.chrome.ChromeDriver
Command: [2879bb0252d903837a04ea276d826ba0, clickElement {id=f.AB31CDB4C679C72707FE4FC3B1207407.d.66845A4918053B1B5A9671F81EC1A617.e.3}]
Capabilities {acceptInsecureCerts: false, browserName: chrome, browserVersion: 131.0.6778.86, chrome: {chromedriverVersion: 131.0.6778.85 (3d81e41b6f3a..., userDataDir: /var/folders/bh/dj44sdwj5rd...}, fedcm:accounts: true, goog:chromeOptions: {debuggerAddress: localhost:60746}, networkConnectionEnabled: false, pageLoadStrategy: normal, platformName: mac, proxy: Proxy(), se:cdp: ws://localhost:60746/devtoo..., se:cdpVersion: 131.0.6778.86, setWindowRect: true, strictFileInteractability: false, timeouts: {implicit: 0, pageLoad: 300000, script: 30000}, unhandledPromptBehavior: dismiss and notify, webauthn:extension:credBlob: true, webauthn:extension:largeBlob: true, webauthn:extension:minPinLength: true, webauthn:extension:prf: true, webauthn:virtualAuthenticators: true}
Element: [[ChromeDriver: chrome on mac (2879bb0252d903837a04ea276d826ba0)] -&amp;gt; css selector: button.btn]
Session ID: 2879bb0252d903837a04ea276d826ba0">
      <![CDATA[org.openqa.selenium.StaleElementReferenceException: stale element reference: stale element not found
  (Session info: chrome=131.0.6778.86)
For documentation on this error, please visit: https://www.selenium.dev/documentation/webdriver/troubleshooting/errors#stale-element-reference-exception
Build info: version: '4.26.0', revision: '8ccf0219d7'
System info: os.name: 'Mac OS X', os.arch: 'x86_64', os.version: '14.7', java.version: '22.0.2'
Driver info: org.openqa.selenium.chrome.ChromeDriver
Command: [2879bb0252d903837a04ea276d826ba0, clickElement {id=f.AB31CDB4C679C72707FE4FC3B1207407.d.66845A4918053B1B5A9671F81EC1A617.e.3}]
Capabilities {acceptInsecureCerts: false, browserName: chrome, browserVersion: 131.0.6778.86, chrome: {chromedriverVersion: 131.0.6778.85 (3d81e41b6f3a..., userDataDir: /var/folders/bh/dj44sdwj5rd...}, fedcm:accounts: true, goog:chromeOptions: {debuggerAddress: localhost:60746}, networkConnectionEnabled: false, pageLoadStrategy: normal, platformName: mac, proxy: Proxy(), se:cdp: ws://localhost:60746/devtoo..., se:cdpVersion: 131.0.6778.86, setWindowRect: true, strictFileInteractability: false, timeouts: {implicit: 0, pageLoad: 300000, script: 30000}, unhandledPromptBehavior: dismiss and notify, webauthn:extension:credBlob: true, webauthn:extension:largeBlob: true, webauthn:extension:minPinLength: true, webauthn:extension:prf: true, webauthn:virtualAuthenticators: true}
Element: [[ChromeDriver: chrome on mac (2879bb0252d903837a04ea276d826ba0)] -> css selector: button.btn]
Session ID: 2879bb0252d903837a04ea276d826ba0
at org.openqa.selenium.remote.ErrorCodec.decode(ErrorCodec.java:167)
at org.openqa.selenium.remote.codec.w3c.W3CHttpResponseCodec.decode(W3CHttpResponseCodec.java:138)
at org.openqa.selenium.remote.codec.w3c.W3CHttpResponseCodec.decode(W3CHttpResponseCodec.java:50)
at org.openqa.selenium.remote.HttpCommandExecutor.execute(HttpCommandExecutor.java:190)
at org.openqa.selenium.remote.service.DriverCommandExecutor.invokeExecute(DriverCommandExecutor.java:216)
at org.openqa.selenium.remote.service.DriverCommandExecutor.execute(DriverCommandExecutor.java:174)
at org.openqa.selenium.remote.RemoteWebDriver.execute(RemoteWebDriver.java:545)
at org.openqa.selenium.remote.RemoteWebElement.execute(RemoteWebElement.java:223)
at org.openqa.selenium.remote.RemoteWebElement.click(RemoteWebElement.java:76)
at PageObjects.HomePage.clickOnHomePageGetStartedButton(HomePage.java:28)
at Tests.QueueDetails.loginIntoApp(QueueDetails.java:22)
at java.base/java.util.concurrent.ThreadPoolExecutor.runWorker(ThreadPoolExecutor.java:1144)
at java.base/java.util.concurrent.ThreadPoolExecutor$Worker.run(ThreadPoolExecutor.java:642)
at java.base/java.lang.Thread.run(Thread.java:1570)
... Removed 17 stack frames]]>
    </failure>
  </testcase> <!-- @BeforeMethod loginIntoApp -->
  <testcase classname="Tests.QueueDetails" name="@BeforeMethod loginIntoApp" time="2.668">
    <failure type="org.openqa.selenium.StaleElementReferenceException" message="stale element reference: stale element not found
  (Session info: chrome=131.0.6778.86)
For documentation on this error, please visit: https://www.selenium.dev/documentation/webdriver/troubleshooting/errors#stale-element-reference-exception
Build info: version: &amp;apos;4.26.0&amp;apos;, revision: &amp;apos;8ccf0219d7&amp;apos;
System info: os.name: &amp;apos;Mac OS X&amp;apos;, os.arch: &amp;apos;x86_64&amp;apos;, os.version: &amp;apos;14.7&amp;apos;, java.version: &amp;apos;22.0.2&amp;apos;
Driver info: org.openqa.selenium.chrome.ChromeDriver
Command: [2879bb0252d903837a04ea276d826ba0, clickElement {id=f.AB31CDB4C679C72707FE4FC3B1207407.d.66845A4918053B1B5A9671F81EC1A617.e.3}]
Capabilities {acceptInsecureCerts: false, browserName: chrome, browserVersion: 131.0.6778.86, chrome: {chromedriverVersion: 131.0.6778.85 (3d81e41b6f3a..., userDataDir: /var/folders/bh/dj44sdwj5rd...}, fedcm:accounts: true, goog:chromeOptions: {debuggerAddress: localhost:60746}, networkConnectionEnabled: false, pageLoadStrategy: normal, platformName: mac, proxy: Proxy(), se:cdp: ws://localhost:60746/devtoo..., se:cdpVersion: 131.0.6778.86, setWindowRect: true, strictFileInteractability: false, timeouts: {implicit: 0, pageLoad: 300000, script: 30000}, unhandledPromptBehavior: dismiss and notify, webauthn:extension:credBlob: true, webauthn:extension:largeBlob: true, webauthn:extension:minPinLength: true, webauthn:extension:prf: true, webauthn:virtualAuthenticators: true}
Element: [[ChromeDriver: chrome on mac (2879bb0252d903837a04ea276d826ba0)] -&amp;gt; css selector: button.btn]
Session ID: 2879bb0252d903837a04ea276d826ba0">
      <![CDATA[org.openqa.selenium.StaleElementReferenceException: stale element reference: stale element not found
  (Session info: chrome=131.0.6778.86)
For documentation on this error, please visit: https://www.selenium.dev/documentation/webdriver/troubleshooting/errors#stale-element-reference-exception
Build info: version: '4.26.0', revision: '8ccf0219d7'
System info: os.name: 'Mac OS X', os.arch: 'x86_64', os.version: '14.7', java.version: '22.0.2'
Driver info: org.openqa.selenium.chrome.ChromeDriver
Command: [2879bb0252d903837a04ea276d826ba0, clickElement {id=f.AB31CDB4C679C72707FE4FC3B1207407.d.66845A4918053B1B5A9671F81EC1A617.e.3}]
Capabilities {acceptInsecureCerts: false, browserName: chrome, browserVersion: 131.0.6778.86, chrome: {chromedriverVersion: 131.0.6778.85 (3d81e41b6f3a..., userDataDir: /var/folders/bh/dj44sdwj5rd...}, fedcm:accounts: true, goog:chromeOptions: {debuggerAddress: localhost:60746}, networkConnectionEnabled: false, pageLoadStrategy: normal, platformName: mac, proxy: Proxy(), se:cdp: ws://localhost:60746/devtoo..., se:cdpVersion: 131.0.6778.86, setWindowRect: true, strictFileInteractability: false, timeouts: {implicit: 0, pageLoad: 300000, script: 30000}, unhandledPromptBehavior: dismiss and notify, webauthn:extension:credBlob: true, webauthn:extension:largeBlob: true, webauthn:extension:minPinLength: true, webauthn:extension:prf: true, webauthn:virtualAuthenticators: true}
Element: [[ChromeDriver: chrome on mac (2879bb0252d903837a04ea276d826ba0)] -> css selector: button.btn]
Session ID: 2879bb0252d903837a04ea276d826ba0
at org.openqa.selenium.remote.ErrorCodec.decode(ErrorCodec.java:167)
at org.openqa.selenium.remote.codec.w3c.W3CHttpResponseCodec.decode(W3CHttpResponseCodec.java:138)
at org.openqa.selenium.remote.codec.w3c.W3CHttpResponseCodec.decode(W3CHttpResponseCodec.java:50)
at org.openqa.selenium.remote.HttpCommandExecutor.execute(HttpCommandExecutor.java:190)
at org.openqa.selenium.remote.service.DriverCommandExecutor.invokeExecute(DriverCommandExecutor.java:216)
at org.openqa.selenium.remote.service.DriverCommandExecutor.execute(DriverCommandExecutor.java:174)
at org.openqa.selenium.remote.RemoteWebDriver.execute(RemoteWebDriver.java:545)
at org.openqa.selenium.remote.RemoteWebElement.execute(RemoteWebElement.java:223)
at org.openqa.selenium.remote.RemoteWebElement.click(RemoteWebElement.java:76)
at PageObjects.HomePage.clickOnHomePageGetStartedButton(HomePage.java:28)
at Tests.QueueDetails.loginIntoApp(QueueDetails.java:22)
at java.base/java.util.concurrent.ThreadPoolExecutor.runWorker(ThreadPoolExecutor.java:1144)
at java.base/java.util.concurrent.ThreadPoolExecutor$Worker.run(ThreadPoolExecutor.java:642)
at java.base/java.lang.Thread.run(Thread.java:1570)
... Removed 17 stack frames]]>
    </failure>
  </testcase> <!-- @BeforeMethod loginIntoApp -->
  <testcase classname="Tests.QueueDetails" name="@BeforeMethod loginIntoApp" time="2.923">
    <failure type="org.openqa.selenium.StaleElementReferenceException" message="stale element reference: stale element not found
  (Session info: chrome=131.0.6778.86)
For documentation on this error, please visit: https://www.selenium.dev/documentation/webdriver/troubleshooting/errors#stale-element-reference-exception
Build info: version: &amp;apos;4.26.0&amp;apos;, revision: &amp;apos;8ccf0219d7&amp;apos;
System info: os.name: &amp;apos;Mac OS X&amp;apos;, os.arch: &amp;apos;x86_64&amp;apos;, os.version: &amp;apos;14.7&amp;apos;, java.version: &amp;apos;22.0.2&amp;apos;
Driver info: org.openqa.selenium.chrome.ChromeDriver
Command: [2879bb0252d903837a04ea276d826ba0, clickElement {id=f.AB31CDB4C679C72707FE4FC3B1207407.d.66845A4918053B1B5A9671F81EC1A617.e.3}]
Capabilities {acceptInsecureCerts: false, browserName: chrome, browserVersion: 131.0.6778.86, chrome: {chromedriverVersion: 131.0.6778.85 (3d81e41b6f3a..., userDataDir: /var/folders/bh/dj44sdwj5rd...}, fedcm:accounts: true, goog:chromeOptions: {debuggerAddress: localhost:60746}, networkConnectionEnabled: false, pageLoadStrategy: normal, platformName: mac, proxy: Proxy(), se:cdp: ws://localhost:60746/devtoo..., se:cdpVersion: 131.0.6778.86, setWindowRect: true, strictFileInteractability: false, timeouts: {implicit: 0, pageLoad: 300000, script: 30000}, unhandledPromptBehavior: dismiss and notify, webauthn:extension:credBlob: true, webauthn:extension:largeBlob: true, webauthn:extension:minPinLength: true, webauthn:extension:prf: true, webauthn:virtualAuthenticators: true}
Element: [[ChromeDriver: chrome on mac (2879bb0252d903837a04ea276d826ba0)] -&amp;gt; css selector: button.btn]
Session ID: 2879bb0252d903837a04ea276d826ba0">
      <![CDATA[org.openqa.selenium.StaleElementReferenceException: stale element reference: stale element not found
  (Session info: chrome=131.0.6778.86)
For documentation on this error, please visit: https://www.selenium.dev/documentation/webdriver/troubleshooting/errors#stale-element-reference-exception
Build info: version: '4.26.0', revision: '8ccf0219d7'
System info: os.name: 'Mac OS X', os.arch: 'x86_64', os.version: '14.7', java.version: '22.0.2'
Driver info: org.openqa.selenium.chrome.ChromeDriver
Command: [2879bb0252d903837a04ea276d826ba0, clickElement {id=f.AB31CDB4C679C72707FE4FC3B1207407.d.66845A4918053B1B5A9671F81EC1A617.e.3}]
Capabilities {acceptInsecureCerts: false, browserName: chrome, browserVersion: 131.0.6778.86, chrome: {chromedriverVersion: 131.0.6778.85 (3d81e41b6f3a..., userDataDir: /var/folders/bh/dj44sdwj5rd...}, fedcm:accounts: true, goog:chromeOptions: {debuggerAddress: localhost:60746}, networkConnectionEnabled: false, pageLoadStrategy: normal, platformName: mac, proxy: Proxy(), se:cdp: ws://localhost:60746/devtoo..., se:cdpVersion: 131.0.6778.86, setWindowRect: true, strictFileInteractability: false, timeouts: {implicit: 0, pageLoad: 300000, script: 30000}, unhandledPromptBehavior: dismiss and notify, webauthn:extension:credBlob: true, webauthn:extension:largeBlob: true, webauthn:extension:minPinLength: true, webauthn:extension:prf: true, webauthn:virtualAuthenticators: true}
Element: [[ChromeDriver: chrome on mac (2879bb0252d903837a04ea276d826ba0)] -> css selector: button.btn]
Session ID: 2879bb0252d903837a04ea276d826ba0
at org.openqa.selenium.remote.ErrorCodec.decode(ErrorCodec.java:167)
at org.openqa.selenium.remote.codec.w3c.W3CHttpResponseCodec.decode(W3CHttpResponseCodec.java:138)
at org.openqa.selenium.remote.codec.w3c.W3CHttpResponseCodec.decode(W3CHttpResponseCodec.java:50)
at org.openqa.selenium.remote.HttpCommandExecutor.execute(HttpCommandExecutor.java:190)
at org.openqa.selenium.remote.service.DriverCommandExecutor.invokeExecute(DriverCommandExecutor.java:216)
at org.openqa.selenium.remote.service.DriverCommandExecutor.execute(DriverCommandExecutor.java:174)
at org.openqa.selenium.remote.RemoteWebDriver.execute(RemoteWebDriver.java:545)
at org.openqa.selenium.remote.RemoteWebElement.execute(RemoteWebElement.java:223)
at org.openqa.selenium.remote.RemoteWebElement.click(RemoteWebElement.java:76)
at PageObjects.HomePage.clickOnHomePageGetStartedButton(HomePage.java:28)
at Tests.QueueDetails.loginIntoApp(QueueDetails.java:22)
at java.base/java.util.concurrent.ThreadPoolExecutor.runWorker(ThreadPoolExecutor.java:1144)
at java.base/java.util.concurrent.ThreadPoolExecutor$Worker.run(ThreadPoolExecutor.java:642)
at java.base/java.lang.Thread.run(Thread.java:1570)
... Removed 17 stack frames]]>
    </failure>
  </testcase> <!-- @BeforeMethod loginIntoApp -->
  <testcase classname="Tests.QueueDetails" name="@BeforeMethod loginIntoApp" time="2.903">
    <failure type="org.openqa.selenium.StaleElementReferenceException" message="stale element reference: stale element not found
  (Session info: chrome=131.0.6778.86)
For documentation on this error, please visit: https://www.selenium.dev/documentation/webdriver/troubleshooting/errors#stale-element-reference-exception
Build info: version: &amp;apos;4.26.0&amp;apos;, revision: &amp;apos;8ccf0219d7&amp;apos;
System info: os.name: &amp;apos;Mac OS X&amp;apos;, os.arch: &amp;apos;x86_64&amp;apos;, os.version: &amp;apos;14.7&amp;apos;, java.version: &amp;apos;22.0.2&amp;apos;
Driver info: org.openqa.selenium.chrome.ChromeDriver
Command: [2879bb0252d903837a04ea276d826ba0, clickElement {id=f.AB31CDB4C679C72707FE4FC3B1207407.d.66845A4918053B1B5A9671F81EC1A617.e.3}]
Capabilities {acceptInsecureCerts: false, browserName: chrome, browserVersion: 131.0.6778.86, chrome: {chromedriverVersion: 131.0.6778.85 (3d81e41b6f3a..., userDataDir: /var/folders/bh/dj44sdwj5rd...}, fedcm:accounts: true, goog:chromeOptions: {debuggerAddress: localhost:60746}, networkConnectionEnabled: false, pageLoadStrategy: normal, platformName: mac, proxy: Proxy(), se:cdp: ws://localhost:60746/devtoo..., se:cdpVersion: 131.0.6778.86, setWindowRect: true, strictFileInteractability: false, timeouts: {implicit: 0, pageLoad: 300000, script: 30000}, unhandledPromptBehavior: dismiss and notify, webauthn:extension:credBlob: true, webauthn:extension:largeBlob: true, webauthn:extension:minPinLength: true, webauthn:extension:prf: true, webauthn:virtualAuthenticators: true}
Element: [[ChromeDriver: chrome on mac (2879bb0252d903837a04ea276d826ba0)] -&amp;gt; css selector: button.btn]
Session ID: 2879bb0252d903837a04ea276d826ba0">
      <![CDATA[org.openqa.selenium.StaleElementReferenceException: stale element reference: stale element not found
  (Session info: chrome=131.0.6778.86)
For documentation on this error, please visit: https://www.selenium.dev/documentation/webdriver/troubleshooting/errors#stale-element-reference-exception
Build info: version: '4.26.0', revision: '8ccf0219d7'
System info: os.name: 'Mac OS X', os.arch: 'x86_64', os.version: '14.7', java.version: '22.0.2'
Driver info: org.openqa.selenium.chrome.ChromeDriver
Command: [2879bb0252d903837a04ea276d826ba0, clickElement {id=f.AB31CDB4C679C72707FE4FC3B1207407.d.66845A4918053B1B5A9671F81EC1A617.e.3}]
Capabilities {acceptInsecureCerts: false, browserName: chrome, browserVersion: 131.0.6778.86, chrome: {chromedriverVersion: 131.0.6778.85 (3d81e41b6f3a..., userDataDir: /var/folders/bh/dj44sdwj5rd...}, fedcm:accounts: true, goog:chromeOptions: {debuggerAddress: localhost:60746}, networkConnectionEnabled: false, pageLoadStrategy: normal, platformName: mac, proxy: Proxy(), se:cdp: ws://localhost:60746/devtoo..., se:cdpVersion: 131.0.6778.86, setWindowRect: true, strictFileInteractability: false, timeouts: {implicit: 0, pageLoad: 300000, script: 30000}, unhandledPromptBehavior: dismiss and notify, webauthn:extension:credBlob: true, webauthn:extension:largeBlob: true, webauthn:extension:minPinLength: true, webauthn:extension:prf: true, webauthn:virtualAuthenticators: true}
Element: [[ChromeDriver: chrome on mac (2879bb0252d903837a04ea276d826ba0)] -> css selector: button.btn]
Session ID: 2879bb0252d903837a04ea276d826ba0
at org.openqa.selenium.remote.ErrorCodec.decode(ErrorCodec.java:167)
at org.openqa.selenium.remote.codec.w3c.W3CHttpResponseCodec.decode(W3CHttpResponseCodec.java:138)
at org.openqa.selenium.remote.codec.w3c.W3CHttpResponseCodec.decode(W3CHttpResponseCodec.java:50)
at org.openqa.selenium.remote.HttpCommandExecutor.execute(HttpCommandExecutor.java:190)
at org.openqa.selenium.remote.service.DriverCommandExecutor.invokeExecute(DriverCommandExecutor.java:216)
at org.openqa.selenium.remote.service.DriverCommandExecutor.execute(DriverCommandExecutor.java:174)
at org.openqa.selenium.remote.RemoteWebDriver.execute(RemoteWebDriver.java:545)
at org.openqa.selenium.remote.RemoteWebElement.execute(RemoteWebElement.java:223)
at org.openqa.selenium.remote.RemoteWebElement.click(RemoteWebElement.java:76)
at PageObjects.HomePage.clickOnHomePageGetStartedButton(HomePage.java:28)
at Tests.QueueDetails.loginIntoApp(QueueDetails.java:22)
at java.base/java.util.concurrent.ThreadPoolExecutor.runWorker(ThreadPoolExecutor.java:1144)
at java.base/java.util.concurrent.ThreadPoolExecutor$Worker.run(ThreadPoolExecutor.java:642)
at java.base/java.lang.Thread.run(Thread.java:1570)
... Removed 17 stack frames]]>
    </failure>
  </testcase> <!-- @BeforeMethod loginIntoApp -->
  <testcase classname="Tests.QueueDetails" name="@BeforeMethod loginIntoApp" time="6.593">
    <failure type="org.openqa.selenium.NoSuchElementException" message="no such element: Unable to locate element: {&amp;quot;method&amp;quot;:&amp;quot;css selector&amp;quot;,&amp;quot;selector&amp;quot;:&amp;quot;input[name=&amp;apos;username&amp;apos;]&amp;quot;}
  (Session info: chrome=131.0.6778.86)
For documentation on this error, please visit: https://www.selenium.dev/documentation/webdriver/troubleshooting/errors#no-such-element-exception
Build info: version: &amp;apos;4.26.0&amp;apos;, revision: &amp;apos;8ccf0219d7&amp;apos;
System info: os.name: &amp;apos;Mac OS X&amp;apos;, os.arch: &amp;apos;x86_64&amp;apos;, os.version: &amp;apos;14.7&amp;apos;, java.version: &amp;apos;22.0.2&amp;apos;
Driver info: org.openqa.selenium.chrome.ChromeDriver
Command: [2879bb0252d903837a04ea276d826ba0, findElement {value=input[name=&amp;apos;username&amp;apos;], using=css selector}]
Capabilities {acceptInsecureCerts: false, browserName: chrome, browserVersion: 131.0.6778.86, chrome: {chromedriverVersion: 131.0.6778.85 (3d81e41b6f3a..., userDataDir: /var/folders/bh/dj44sdwj5rd...}, fedcm:accounts: true, goog:chromeOptions: {debuggerAddress: localhost:60746}, networkConnectionEnabled: false, pageLoadStrategy: normal, platformName: mac, proxy: Proxy(), se:cdp: ws://localhost:60746/devtoo..., se:cdpVersion: 131.0.6778.86, setWindowRect: true, strictFileInteractability: false, timeouts: {implicit: 0, pageLoad: 300000, script: 30000}, unhandledPromptBehavior: dismiss and notify, webauthn:extension:credBlob: true, webauthn:extension:largeBlob: true, webauthn:extension:minPinLength: true, webauthn:extension:prf: true, webauthn:virtualAuthenticators: true}
Session ID: 2879bb0252d903837a04ea276d826ba0">
      <![CDATA[org.openqa.selenium.NoSuchElementException: no such element: Unable to locate element: {"method":"css selector","selector":"input[name='username']"}
  (Session info: chrome=131.0.6778.86)
For documentation on this error, please visit: https://www.selenium.dev/documentation/webdriver/troubleshooting/errors#no-such-element-exception
Build info: version: '4.26.0', revision: '8ccf0219d7'
System info: os.name: 'Mac OS X', os.arch: 'x86_64', os.version: '14.7', java.version: '22.0.2'
Driver info: org.openqa.selenium.chrome.ChromeDriver
Command: [2879bb0252d903837a04ea276d826ba0, findElement {value=input[name='username'], using=css selector}]
Capabilities {acceptInsecureCerts: false, browserName: chrome, browserVersion: 131.0.6778.86, chrome: {chromedriverVersion: 131.0.6778.85 (3d81e41b6f3a..., userDataDir: /var/folders/bh/dj44sdwj5rd...}, fedcm:accounts: true, goog:chromeOptions: {debuggerAddress: localhost:60746}, networkConnectionEnabled: false, pageLoadStrategy: normal, platformName: mac, proxy: Proxy(), se:cdp: ws://localhost:60746/devtoo..., se:cdpVersion: 131.0.6778.86, setWindowRect: true, strictFileInteractability: false, timeouts: {implicit: 0, pageLoad: 300000, script: 30000}, unhandledPromptBehavior: dismiss and notify, webauthn:extension:credBlob: true, webauthn:extension:largeBlob: true, webauthn:extension:minPinLength: true, webauthn:extension:prf: true, webauthn:virtualAuthenticators: true}
Session ID: 2879bb0252d903837a04ea276d826ba0
at org.openqa.selenium.remote.ErrorCodec.decode(ErrorCodec.java:167)
at org.openqa.selenium.remote.codec.w3c.W3CHttpResponseCodec.decode(W3CHttpResponseCodec.java:138)
at org.openqa.selenium.remote.codec.w3c.W3CHttpResponseCodec.decode(W3CHttpResponseCodec.java:50)
[...]
at org.openqa.selenium.remote.HttpCommandExecutor.execute(HttpCommandExecutor.java:190)
at org.openqa.selenium.remote.service.DriverCommandExecutor.invokeExecute(DriverCommandExecutor.java:216)
at org.openqa.selenium.remote.service.DriverCommandExecutor.execute(DriverCommandExecutor.java:174)
at org.openqa.selenium.remote.RemoteWebDriver.execute(RemoteWebDriver.java:545)
at org.openqa.selenium.remote.RemoteWebElement.execute(RemoteWebElement.java:223)
at org.openqa.selenium.remote.RemoteWebElement.sendKeys(RemoteWebElement.java:110)
at PageObjects.LoginPage.loginValiduser(LoginPage.java:32)
at Tests.LoginTestNav.DS_Algo_Sign_in_Page__with_valid_username_and_Valid_password(LoginTestNav.java:63)
at java.base/java.util.concurrent.ThreadPoolExecutor.runWorker(ThreadPoolExecutor.java:1144)
at java.base/java.util.concurrent.ThreadPoolExecutor$Worker.run(ThreadPoolExecutor.java:642)
at java.base/java.lang.Thread.run(Thread.java:1570)
... Removed 13 stack frames]]>
    </failure>
  </testcase> <!-- DS_Algo_Sign_in_Page__with_valid_username_and_Valid_password -->
  <testcase classname="Tests.LoginTestNav" name="DS_Algo_Sign_in_Page_with_valid_username_and_invalid_password" time="0.0">
    <skipped/>
  </testcase> <!-- DS_Algo_Sign_in_Page_with_valid_username_and_invalid_password -->
  <testcase classname="Tests.DSIntorductionPage" name="No_error_message_displayed_for_empty_code_on_try_editor_for_Time_Complexity" time="0.0">
    <skipped/>
  </testcase> <!-- No_error_message_displayed_for_empty_code_on_try_editor_for_Time_Complexity -->
  <testcase classname="Tests.DSIntorductionPage" name="Clicking_on_Try_Here_on_time_complexity_opens_python_editor" time="0.0">
    <skipped/>
  </testcase> <!-- Clicking_on_Try_Here_on_time_complexity_opens_python_editor -->
  <testcase classname="Tests.DSIntorductionPage" name="Error_message_displayed_for_invalid_code_on_try_editor_for_Time_Complexity" time="0.0">
    <skipped/>
  </testcase> <!-- Error_message_displayed_for_invalid_code_on_try_editor_for_Time_Complexity -->
  <testcase classname="Tests.DSIntorductionPage" name="Valid_code_on_try_editor_for_Time_Complexity_runs_successfully" time="0.0">
    <skipped/>
  </testcase> <!-- Valid_code_on_try_editor_for_Time_Complexity_runs_successfully -->
  <testcase classname="Tests.DSIntorductionPage" name="clicking_on_get_started_for_data_structers_lands_on_Data_Structers_details_page" time="0.0">
    <skipped/>
  </testcase> <!-- clicking_on_get_started_for_data_structers_lands_on_Data_Structers_details_page -->
  <testcase classname="Tests.DSIntorductionPage" name="clicking_on_time_complexity_navigate_to_the_page" time="0.0">
    <skipped/>
  </testcase> <!-- clicking_on_time_complexity_navigate_to_the_page -->
  <testcase classname="Tests.QueueDetails" name="Error_message_displayed_for_invalid_code_on_try_editor_for_implementation_using_array" time="0.001">
    <skipped/>
  </testcase> <!-- Error_message_displayed_for_invalid_code_on_try_editor_for_implementation_using_array -->
  <testcase classname="Tests.QueueDetails" name="Error_message_displayed_for_invalid_code_on_try_editor_for_Implementation_using_collections_deque" time="0.001">
    <skipped/>
  </testcase> <!-- Error_message_displayed_for_invalid_code_on_try_editor_for_Implementation_using_collections_deque -->
  <testcase classname="Tests.QueueDetails" name="Error_message_displayed_for_invalid_code_on_try_editor_for_queue_operations" time="0.0">
    <skipped/>
  </testcase> <!-- Error_message_displayed_for_invalid_code_on_try_editor_for_queue_operations -->
  <testcase classname="Tests.QueueDetails" name="Error_message_displayed_for_invalid_code_on_try_editor_for_Implementation_of_Queue_in_python" time="0.001">
    <skipped/>
  </testcase> <!-- Error_message_displayed_for_invalid_code_on_try_editor_for_Implementation_of_Queue_in_python -->
  <testcase classname="Tests.QueueDetails" name="No_error_message_displayed_for_empty_code_on_try_editor_for_Implementation_using_collections_deque" time="0.0">
    <skipped/>
  </testcase> <!-- No_error_message_displayed_for_empty_code_on_try_editor_for_Implementation_using_collections_deque -->
  <testcase classname="Tests.QueueDetails" name="No_error_message_displayed_for_empty_code_on_try_editor_for_implementation_using_array" time="0.0">
    <skipped/>
  </testcase> <!-- No_error_message_displayed_for_empty_code_on_try_editor_for_implementation_using_array -->
  <testcase classname="Tests.QueueDetails" name="No_error_message_displayed_for_empty_code_on_try_editor_for_queue_operations" time="0.0">
    <skipped/>
  </testcase> <!-- No_error_message_displayed_for_empty_code_on_try_editor_for_queue_operations -->
  <testcase classname="Tests.QueueDetails" name="Valid_code_on_try_editor_for_Implementation_of_Queue_in_python_runs_successfully" time="0.0">
    <skipped/>
  </testcase> <!-- Valid_code_on_try_editor_for_Implementation_of_Queue_in_python_runs_successfully -->
  <testcase classname="Tests.QueueDetails" name="No_error_message_displayed_for_empty_code_on_try_editor_for_Implementation_of_Queue_in_python" time="0.0">
    <skipped/>
  </testcase> <!-- No_error_message_displayed_for_empty_code_on_try_editor_for_Implementation_of_Queue_in_python -->
  <testcase classname="Tests.QueueDetails" name="Valid_code_on_try_editor_for_queue_operations_runs_successfully" time="0.001">
    <skipped/>
  </testcase> <!-- Valid_code_on_try_editor_for_queue_operations_runs_successfully -->
  <testcase classname="Tests.QueueDetails" name="Valid_code_on_try_editor_for_implementation_using_array_runs_successfully" time="0.0">
    <skipped/>
  </testcase> <!-- Valid_code_on_try_editor_for_implementation_using_array_runs_successfully -->
  <testcase classname="Tests.QueueDetails" name="Valid_code_on_try_editor_for_Implementation_using_collections_deque_runs_successfully" time="0.0">
    <skipped/>
  </testcase> <!-- Valid_code_on_try_editor_for_Implementation_using_collections_deque_runs_successfully -->
  <testcase classname="Tests.QueueDetails" name="Validate_user_can_navigate_to_Implementation_using_collections_deque" time="0.0">
    <skipped/>
  </testcase> <!-- Validate_user_can_navigate_to_Implementation_using_collections_deque -->
  <testcase classname="Tests.QueueDetails" name="Validate_user_can_navigate_to_Implementations_of_Queue_in_Python" time="0.0">
    <skipped/>
  </testcase> <!-- Validate_user_can_navigate_to_Implementations_of_Queue_in_Python -->
  <testcase classname="Tests.QueueDetails" name="Validate_user_can_navigate_to_implementation_using_array" time="0.001">
    <skipped/>
  </testcase> <!-- Validate_user_can_navigate_to_implementation_using_array -->
  <testcase classname="Tests.QueueDetails" name="Validate_user_can_open_try_editor_page_from_Implementation_using_collections_deque" time="0.0">
    <skipped/>
  </testcase> <!-- Validate_user_can_open_try_editor_page_from_Implementation_using_collections_deque -->
  <testcase classname="Tests.QueueDetails" name="Validate_user_can_open_try_editor_page_from_Implementation_of_Queue_in_python" time="0.0">
    <skipped/>
  </testcase> <!-- Validate_user_can_open_try_editor_page_from_Implementation_of_Queue_in_python -->
  <testcase classname="Tests.QueueDetails" name="Validate_user_can_navigate_to_queue_operations_page" time="0.0">
    <skipped/>
  </testcase> <!-- Validate_user_can_navigate_to_queue_operations_page -->
  <testcase classname="Tests.QueueDetails" name="Validate_user_can_open_try_editor_page_from_implementation_using_array" time="0.0">
    <skipped/>
  </testcase> <!-- Validate_user_can_open_try_editor_page_from_implementation_using_array -->
  <testcase classname="Tests.QueueDetails" name="Validate_user_can_open_try_editor_page_from_queue_operations" time="0.0">
    <skipped/>
  </testcase> <!-- Validate_user_can_open_try_editor_page_from_queue_operations -->
  <testcase classname="Tests.QueueDetails" name="Validate_user_navigated_to_queue_details_page_when_clicked_on_get_started" time="0.0">
    <skipped/>
  </testcase> <!-- Validate_user_navigated_to_queue_details_page_when_clicked_on_get_started -->
  <testcase classname="Tests.StackPageTests" name="No_error_message_displayed_for_empty_code_on_try_editor_for_Implementation_page" time="0.0">
    <skipped/>
  </testcase> <!-- No_error_message_displayed_for_empty_code_on_try_editor_for_Implementation_page -->
  <testcase classname="Tests.StackPageTests" name="Error_message_displayed_for_invalid_code_on_try_Editor_for_Applications_page" time="0.0">
    <skipped/>
  </testcase> <!-- Error_message_displayed_for_invalid_code_on_try_Editor_for_Applications_page -->
  <testcase classname="Tests.StackPageTests" name="Error_message_displayed_for_invalid_code_on_try_Editor_for_Operations_in_Stack_page" time="0.0">
    <skipped/>
  </testcase> <!-- Error_message_displayed_for_invalid_code_on_try_Editor_for_Operations_in_Stack_page -->
  <testcase classname="Tests.StackPageTests" name="Error_message_displayed_for_invalid_code_on_try_Editor_for_Implementation_page" time="0.001">
    <skipped/>
  </testcase> <!-- Error_message_displayed_for_invalid_code_on_try_Editor_for_Implementation_page -->
  <testcase classname="Tests.StackPageTests" name="No_error_message_displayed_for_empty_code_on_try_editor_for_Applications_page" time="0.0">
    <skipped/>
  </testcase> <!-- No_error_message_displayed_for_empty_code_on_try_editor_for_Applications_page -->
  <testcase classname="Tests.StackPageTests" name="No_error_message_displayed_for_empty_code_on_try_editor_for_Operations_in_Stack_page" time="0.0">
    <skipped/>
  </testcase> <!-- No_error_message_displayed_for_empty_code_on_try_editor_for_Operations_in_Stack_page -->
  <testcase classname="Tests.StackPageTests" name="Valid_code_on_try_editor_for_Operations_in_Stack_runs_successfully" time="0.0">
    <skipped/>
  </testcase> <!-- Valid_code_on_try_editor_for_Operations_in_Stack_runs_successfully -->
  <testcase classname="Tests.StackPageTests" name="Valid_code_on_try_editor_for_Implementation_runs_successfully" time="0.0">
    <skipped/>
  </testcase> <!-- Valid_code_on_try_editor_for_Implementation_runs_successfully -->
  <testcase classname="Tests.StackPageTests" name="Valid_code_on_try_editor_for_Applications_runs_successfully" time="0.0">
    <skipped/>
  </testcase> <!-- Valid_code_on_try_editor_for_Applications_runs_successfully -->
  <testcase classname="Tests.StackPageTests" name="Validate_user_can_Try_here_link_page_from_Operations_in_Stack" time="0.0">
    <skipped/>
  </testcase> <!-- Validate_user_can_Try_here_link_page_from_Operations_in_Stack -->
  <testcase classname="Tests.StackPageTests" name="Validate_user_can_click_on_Try_here_link_from_Applications_page" time="0.001">
    <skipped/>
  </testcase> <!-- Validate_user_can_click_on_Try_here_link_from_Applications_page -->
  <testcase classname="Tests.StackPageTests" name="Validate_user_can_click_on_Try_here_link_from_Implementation_page" time="0.0">
    <skipped/>
  </testcase> <!-- Validate_user_can_click_on_Try_here_link_from_Implementation_page -->
  <testcase classname="Tests.StackPageTests" name="Validate_user_can_navigate_to_Applications_page" time="0.0">
    <skipped/>
  </testcase> <!-- Validate_user_can_navigate_to_Applications_page -->
  <testcase classname="Tests.StackPageTests" name="Validate_user_can_navigate_to_Implementation_page" time="0.0">
    <skipped/>
  </testcase> <!-- Validate_user_can_navigate_to_Implementation_page -->
  <testcase classname="Tests.StackPageTests" name="Validate_user_can_navigate_to_Operations_in_Stack_page" time="0.0">
    <skipped/>
  </testcase> <!-- Validate_user_can_navigate_to_Operations_in_Stack_page -->
  <testcase classname="Tests.StackPageTests" name="Validate_user_navigated_to_stack_details_page_when_clicked_on_get_started" time="0.001">
    <skipped/>
  </testcase> <!-- Validate_user_navigated_to_stack_details_page_when_clicked_on_get_started -->
  <testcase classname="Tests.HomePageTests" name="Validate_user_lands_on_default_home_page" time="0.0">
    <skipped/>
  </testcase> <!-- Validate_user_lands_on_default_home_page -->
  <testcase classname="Tests.HomePageTests" name="validate_the_DS_dropdown_without_signIN" time="0.0">
    <skipped/>
  </testcase> <!-- validate_the_DS_dropdown_without_signIN -->
  <testcase classname="Tests.HomePageTests" name="validate_user_lands_on_register_page_when_clicked_on_register" time="0.0">
    <skipped/>
  </testcase> <!-- validate_user_lands_on_register_page_when_clicked_on_register -->
  <testcase classname="Tests.HomePageTests" name="Validate_user_navigate_to_DS_Intro_Page" time="0.0">
    <skipped/>
  </testcase> <!-- Validate_user_navigate_to_DS_Intro_Page -->
  <testcase classname="Tests.HomePageTests" name="verify_warning_message_when_user_navigate_to_DS_details_page_without_signIn" time="0.0">
    <skipped/>
  </testcase> <!-- verify_warning_message_when_user_navigate_to_DS_details_page_without_signIn -->
  <testcase classname="Tests.ArrayDetailsPage" name="Error_message_displayed_for_invalid_code_on_try_Editor_for_applications_of_array" time="0.0">
    <skipped/>
  </testcase> <!-- Error_message_displayed_for_invalid_code_on_try_Editor_for_applications_of_array -->
  <testcase classname="Tests.ArrayDetailsPage" name="No_error_message_displayed_for_empty_code_on_try_editor_for_Array_using_list" time="0.0">
    <skipped/>
  </testcase> <!-- No_error_message_displayed_for_empty_code_on_try_editor_for_Array_using_list -->
  <testcase classname="Tests.ArrayDetailsPage" name="No_error_message_displayed_for_empty_code_on_try_editor_for_applications_of_array" time="0.0">
    <skipped/>
  </testcase> <!-- No_error_message_displayed_for_empty_code_on_try_editor_for_applications_of_array -->
  <testcase classname="Tests.ArrayDetailsPage" name="Error_message_displayed_for_invalid_code_on_try_Editor_for_Basic_operations_in_lists" time="0.0">
    <skipped/>
  </testcase> <!-- Error_message_displayed_for_invalid_code_on_try_Editor_for_Basic_operations_in_lists -->
  <testcase classname="Tests.ArrayDetailsPage" name="Error_message_displayed_for_invalid_code_on_try_Editor_for_Queue_operations" time="0.0">
    <skipped/>
  </testcase> <!-- Error_message_displayed_for_invalid_code_on_try_Editor_for_Queue_operations -->
  <testcase classname="Tests.ArrayDetailsPage" name="No_error_message_displayed_for_empty_code_on_try_editor_for_basic_operations_in_lists" time="0.0">
    <skipped/>
  </testcase> <!-- No_error_message_displayed_for_empty_code_on_try_editor_for_basic_operations_in_lists -->
  <testcase classname="Tests.ArrayDetailsPage" name="Valid_code_on_try_editor_for_Array_using_list_runs_successfully" time="0.0">
    <skipped/>
  </testcase> <!-- Valid_code_on_try_editor_for_Array_using_list_runs_successfully -->
  <testcase classname="Tests.ArrayDetailsPage" name="Valid_code_on_try_editor_for_applications_of_array_runs_successfully" time="0.001">
    <skipped/>
  </testcase> <!-- Valid_code_on_try_editor_for_applications_of_array_runs_successfully -->
  <testcase classname="Tests.ArrayDetailsPage" name="No_error_message_displayed_for_empty_code_on_try_editor_for_array_in_python" time="0.0">
    <skipped/>
  </testcase> <!-- No_error_message_displayed_for_empty_code_on_try_editor_for_array_in_python -->
  <testcase classname="Tests.ArrayDetailsPage" name="Valid_code_on_try_editor_for_arrays_in_python_runs_successfully" time="0.0">
    <skipped/>
  </testcase> <!-- Valid_code_on_try_editor_for_arrays_in_python_runs_successfully -->
  <testcase classname="Tests.ArrayDetailsPage" name="Valid_code_on_try_editor_for_basic_operations_in_lists_runs_successfully" time="0.0">
    <skipped/>
  </testcase> <!-- Valid_code_on_try_editor_for_basic_operations_in_lists_runs_successfully -->
  <testcase classname="Tests.ArrayDetailsPage" name="Validate_user_can_Try_here_link_page_from_Basic_operations_in_lists" time="0.0">
    <skipped/>
  </testcase> <!-- Validate_user_can_Try_here_link_page_from_Basic_operations_in_lists -->
  <testcase classname="Tests.ArrayDetailsPage" name="Validate_user_can_navigate_to_basic_opertaions_in_lists" time="0.0">
    <skipped/>
  </testcase> <!-- Validate_user_can_navigate_to_basic_opertaions_in_lists -->
  <testcase classname="Tests.ArrayDetailsPage" name="Validate_user_can_navigate_to_applications_of_array" time="0.0">
    <skipped/>
  </testcase> <!-- Validate_user_can_navigate_to_applications_of_array -->
  <testcase classname="Tests.ArrayDetailsPage" name="validate_user_can_click_on_practicequestions" time="0.0">
    <skipped/>
  </testcase> <!-- validate_user_can_click_on_practicequestions -->
  <testcase classname="Tests.ArrayDetailsPage" name="validate_user_can_try_here_link_page_from_arrays_in_python" time="0.0">
    <skipped/>
  </testcase> <!-- validate_user_can_try_here_link_page_from_arrays_in_python -->
  <testcase classname="Tests.ArrayDetailsPage" name="validate_user_can_navigate_to_Arrays_in_python" time="0.001">
    <skipped/>
  </testcase> <!-- validate_user_can_navigate_to_Arrays_in_python -->
  <testcase classname="Tests.ArrayDetailsPage" name="validate_user_navigated_to_array_details_page_when_clicked_on_get_started" time="0.0">
    <skipped/>
  </testcase> <!-- validate_user_navigated_to_array_details_page_when_clicked_on_get_started -->
  <testcase classname="Tests.GraphHomePage" name="No_error_message_displayed_for_empty_code_on_try_editor_for_graph_representations_page" time="0.0">
    <skipped/>
  </testcase> <!-- No_error_message_displayed_for_empty_code_on_try_editor_for_graph_representations_page -->
  <testcase classname="Tests.GraphHomePage" name="Error_message_displayed_for_invalid_code_on_try_Editor_for_graphs_page" time="0.0">
    <skipped/>
  </testcase> <!-- Error_message_displayed_for_invalid_code_on_try_Editor_for_graphs_page -->
  <testcase classname="Tests.GraphHomePage" name="No_error_message_displayed_for_empty_code_on_try_editor_for_graphs_page" time="0.0">
    <skipped/>
  </testcase> <!-- No_error_message_displayed_for_empty_code_on_try_editor_for_graphs_page -->
  <testcase classname="Tests.GraphHomePage" name="Error_message_displayed_for_invalid_code_on_try_Editor_for_graph_representations_page" time="0.0">
    <skipped/>
  </testcase> <!-- Error_message_displayed_for_invalid_code_on_try_Editor_for_graph_representations_page -->
  <testcase classname="Tests.GraphHomePage" name="Valid_code_on_try_editor_for_graph_representations_runs_successfully" time="0.0">
    <skipped/>
  </testcase> <!-- Valid_code_on_try_editor_for_graph_representations_runs_successfully -->
  <testcase classname="Tests.GraphHomePage" name="Validate_user_can_Try_here_link_page_from_graphs" time="0.0">
    <skipped/>
  </testcase> <!-- Validate_user_can_Try_here_link_page_from_graphs -->
  <testcase classname="Tests.GraphHomePage" name="Validate_user_can_click_on_Try_here_link_from_graph_representations_page" time="0.0">
    <skipped/>
  </testcase> <!-- Validate_user_can_click_on_Try_here_link_from_graph_representations_page -->
  <testcase classname="Tests.GraphHomePage" name="Validate_user_can_navigate_to_Graph_Representations_page" time="0.0">
    <skipped/>
  </testcase> <!-- Validate_user_can_navigate_to_Graph_Representations_page -->
  <testcase classname="Tests.GraphHomePage" name="Valid_code_on_try_editor_for_graphs_runs_successfully" time="0.0">
    <skipped/>
  </testcase> <!-- Valid_code_on_try_editor_for_graphs_runs_successfully -->
  <testcase classname="Tests.GraphHomePage" name="Validate_user_can_navigate_to_Graph_in_Graph_page" time="0.0">
    <skipped/>
  </testcase> <!-- Validate_user_can_navigate_to_Graph_in_Graph_page -->
  <testcase classname="Tests.GraphHomePage" name="Validate_user_navigated_to_graph_details_page_when_clicked_on_get_started" time="0.0">
    <skipped/>
  </testcase> <!-- Validate_user_navigated_to_graph_details_page_when_clicked_on_get_started -->
</testsuite> <!-- Test -->
